2024-06-06 13:13:31,553 INFO  [org.jboss.modules] (main) JBoss Modules version 2.0.3.Final
2024-06-06 13:13:32,392 INFO  [org.jboss.msc] (main) JBoss MSC version 1.4.13.Final
2024-06-06 13:13:32,400 INFO  [org.jboss.threads] (main) JBoss Threads version 2.4.0.Final
2024-06-06 13:13:32,506 INFO  [org.jboss.as] (MSC service thread 1-2) WFLYSRV0049: WildFly Full 27.0.0.Final (WildFly Core 19.0.0.Final) starting
2024-06-06 13:13:32,509 DEBUG [org.jboss.as.config] (MSC service thread 1-2) Configured system properties:
	awt.toolkit = sun.awt.windows.WToolkit
	file.encoding = UTF-8
	file.separator = \
	java.awt.graphicsenv = sun.awt.Win32GraphicsEnvironment
	java.awt.headless = true
	java.awt.printerjob = sun.awt.windows.WPrinterJob
	java.class.path = C:\Users\aless\OneDrive\Bureau\Jakarta\rootJakartaEE\tools\wildfly-27.0.0.Final\jboss-modules.jar
	java.class.version = 55.0
	java.home = C:\Program Files\Java\jdk-11.0.2
	java.io.tmpdir = C:\Users\aless\AppData\Local\Temp\
	java.library.path = C:\Program Files\Java\jdk-11.0.2\bin;C:\Windows\Sun\Java\bin;C:\Windows\system32;C:\Windows;native;C:/Users/aless/OneDrive/Bureau/eclipse//plugins/org.eclipse.justj.openjdk.hotspot.jre.full.win32.x86_64_17.0.10.v20240120-1143/jre/bin/server;C:/Users/aless/OneDrive/Bureau/eclipse//plugins/org.eclipse.justj.openjdk.hotspot.jre.full.win32.x86_64_17.0.10.v20240120-1143/jre/bin;C:\Program Files\Microsoft SDKs\Azure\CLI2\wbin;C:\Program Files\Common Files\Oracle\Java\javapath;C:\Program Files (x86)\VMware\VMware Player\bin\;C:\Windows\system32;C:\Windows;C:\Windows\System32\Wbem;C:\Windows\System32\WindowsPowerShell\v1.0\;C:\Windows\System32\OpenSSH\;C:\Program Files (x86)\Pulse Secure\VC142.CRT\X64\;C:\Program Files (x86)\Pulse Secure\VC142.CRT\X86\;C:\Program Files\PuTTY\;C:\Program Files (x86)\Common Files\Pulse Secure\TNC Client Plugin\;C:\Program Files (x86)\Microsoft SQL Server\160\Tools\Binn\;C:\Program Files\Microsoft SQL Server\160\Tools\Binn\;C:\Program Files\Microsoft SQL Server\Client SDK\ODBC\170\Tools\Binn\;C:\Program Files\Microsoft SQL Server\160\DTS\Binn\;C:\Program Files (x86)\Microsoft SQL Server\160\DTS\Binn\;C:\Program Files\Azure Data Studio\bin;C:\Program Files\Microsoft SQL Server\150\Tools\Binn\;C:\Program Files\dotnet\;C:\Program Files\Git\cmd;C:\Program Files\Docker\Docker\resources\bin;C:\Program Files\nodejs\;C:\Users\aless\AppData\Local\Programs\Python\Launcher\;C:\Users\aless\AppData\Local\Microsoft\WindowsApps;;C:\Users\aless\AppData\Local\Programs\Microsoft VS Code\bin;C:\Program Files\Azure Data Studio\bin;C:\Users\aless\.dotnet\tools;C:\Users\aless\AppData\Roaming\npm;C:\Users\aless\OneDrive\Bureau\eclipse;;.
	java.net.preferIPv4Stack = true
	java.runtime.name = OpenJDK Runtime Environment
	java.runtime.version = 11.0.2+9
	java.specification.name = Java Platform API Specification
	java.specification.vendor = Oracle Corporation
	java.specification.version = 11
	java.util.logging.manager = org.jboss.logmanager.LogManager
	java.vendor = Oracle Corporation
	java.vendor.url = http://java.oracle.com/
	java.vendor.url.bug = http://bugreport.java.com/bugreport/
	java.vendor.version = 18.9
	java.version = 11.0.2
	java.version.date = 2019-01-15
	java.vm.compressedOopsMode = 32-bit
	java.vm.info = mixed mode
	java.vm.name = OpenJDK 64-Bit Server VM
	java.vm.specification.name = Java Virtual Machine Specification
	java.vm.specification.vendor = Oracle Corporation
	java.vm.specification.version = 11
	java.vm.vendor = Oracle Corporation
	java.vm.version = 11.0.2+9
	javax.management.builder.initial = org.jboss.as.jmx.PluggableMBeanServerBuilder
	jboss.bind.address = localhost
	jboss.bind.address.management = localhost
	jboss.home.dir = C:\Users\aless\OneDrive\Bureau\Jakarta\rootJakartaEE\tools\wildfly-27.0.0.Final
	jboss.host.name = laptop-uvefcp95
	jboss.modules.dir = C:\Users\aless\OneDrive\Bureau\Jakarta\rootJakartaEE\tools\wildfly-27.0.0.Final\modules
	jboss.modules.system.pkgs = org.jboss.byteman
	jboss.node.name = laptop-uvefcp95
	jboss.qualified.host.name = laptop-uvefcp95
	jboss.server.base.dir = C:\Users\aless\OneDrive\Bureau\Jakarta\rootJakartaEE\tools\wildfly-27.0.0.Final\standalone
	jboss.server.config.dir = C:\Users\aless\OneDrive\Bureau\Jakarta\rootJakartaEE\tools\wildfly-27.0.0.Final\standalone\configuration
	jboss.server.data.dir = C:\Users\aless\OneDrive\Bureau\Jakarta\rootJakartaEE\tools\wildfly-27.0.0.Final\standalone\data
	jboss.server.deploy.dir = C:\Users\aless\OneDrive\Bureau\Jakarta\rootJakartaEE\tools\wildfly-27.0.0.Final\standalone\data\content
	jboss.server.log.dir = C:\Users\aless\OneDrive\Bureau\Jakarta\rootJakartaEE\tools\wildfly-27.0.0.Final\standalone\log
	jboss.server.name = laptop-uvefcp95
	jboss.server.persist.config = true
	jboss.server.temp.dir = C:\Users\aless\OneDrive\Bureau\Jakarta\rootJakartaEE\tools\wildfly-27.0.0.Final\standalone\tmp
	jdk.debug = release
	line.separator = 

	logging.configuration = file:C:\Users\aless\OneDrive\Bureau\Jakarta\rootJakartaEE\tools\wildfly-27.0.0.Final\standalone\configuration\logging.properties
	module.path = C:\Users\aless\OneDrive\Bureau\Jakarta\rootJakartaEE\tools\wildfly-27.0.0.Final\modules
	org.jboss.boot.log.file = C:\Users\aless\OneDrive\Bureau\Jakarta\rootJakartaEE\tools\wildfly-27.0.0.Final\standalone\log\boot.log
	org.jboss.logmanager.nocolor = true
	org.jboss.resolver.warning = true
	os.arch = amd64
	os.name = Windows 10
	os.version = 10.0
	path.separator = ;
	program.name = JBossTools: WildFly 27+
	stderr.encoding = UTF-8
	stdout.encoding = UTF-8
	sun.arch.data.model = 64
	sun.boot.library.path = C:\Program Files\Java\jdk-11.0.2\bin
	sun.cpu.endian = little
	sun.cpu.isalist = amd64
	sun.desktop = windows
	sun.io.unicode.encoding = UnicodeLittle
	sun.java.command = org.jboss.modules.Main -mp C:\Users\aless\OneDrive\Bureau\Jakarta\rootJakartaEE\tools\wildfly-27.0.0.Final\modules org.jboss.as.standalone -b localhost --server-config=standalone.xml -Djboss.server.base.dir=C:\Users\aless\OneDrive\Bureau\Jakarta\rootJakartaEE\tools\wildfly-27.0.0.Final\standalone
	sun.java.launcher = SUN_STANDARD
	sun.jnu.encoding = Cp1252
	sun.management.compiler = HotSpot 64-Bit Tiered Compilers
	sun.os.patch.level = 
	sun.rmi.dgc.client.gcInterval = 3600000
	sun.rmi.dgc.server.gcInterval = 3600000
	user.country = FR
	user.dir = C:\Users\aless\OneDrive\Bureau\Jakarta\rootJakartaEE\tools\wildfly-27.0.0.Final\bin
	user.home = C:\Users\aless
	user.language = fr
	user.name = aless
	user.script = 
	user.timezone = Europe/Paris
	user.variant = 
2024-06-06 13:13:32,511 DEBUG [org.jboss.as.config] (MSC service thread 1-2) VM Arguments: -Dprogram.name=JBossTools: WildFly 27+ -Xms1303m -Xmx1303m -XX:MetaspaceSize=96M -XX:MaxMetaspaceSize=256m -Dorg.jboss.resolver.warning=true -Djava.net.preferIPv4Stack=true -Dsun.rmi.dgc.client.gcInterval=3600000 -Dsun.rmi.dgc.server.gcInterval=3600000 -Djboss.modules.system.pkgs=org.jboss.byteman -Djava.awt.headless=true -Dorg.jboss.boot.log.file=C:\Users\aless\OneDrive\Bureau\Jakarta\rootJakartaEE\tools\wildfly-27.0.0.Final\standalone\log\boot.log -Dlogging.configuration=file:C:\Users\aless\OneDrive\Bureau\Jakarta\rootJakartaEE\tools\wildfly-27.0.0.Final\standalone\configuration\logging.properties -Djboss.home.dir=C:\Users\aless\OneDrive\Bureau\Jakarta\rootJakartaEE\tools\wildfly-27.0.0.Final -Dorg.jboss.logmanager.nocolor=true --add-exports=java.base/sun.nio.ch=ALL-UNNAMED --add-exports=jdk.unsupported/sun.misc=ALL-UNNAMED --add-exports=jdk.unsupported/sun.reflect=ALL-UNNAMED --add-modules=java.se -Djboss.bind.address.management=localhost -Dfile.encoding=UTF-8 -Dstdout.encoding=UTF-8 -Dstderr.encoding=UTF-8 
2024-06-06 13:13:33,359 INFO  [org.wildfly.security] (ServerService Thread Pool -- 28) ELY00001: WildFly Elytron version 2.0.0.Final
2024-06-06 13:13:33,817 WARN  [org.jboss.as.controller] (ServerService Thread Pool -- 17) WFLYCTL0481: The runtime dependency package 'io.smallrye.opentracing-contrib' is already registered at location '/subsystem=microprofile-opentracing-smallrye'
2024-06-06 13:13:33,819 WARN  [org.jboss.as.controller] (ServerService Thread Pool -- 17) WFLYCTL0481: The runtime dependency package 'io.smallrye.opentracing-contrib' is already registered at location '/subsystem=microprofile-opentracing-smallrye'
2024-06-06 13:13:34,297 INFO  [org.jboss.as.controller.management-deprecated] (ServerService Thread Pool -- 3) WFLYCTL0028: Attribute 'cluster' in the resource at address '/subsystem=ejb3/service=remote' is deprecated, and may be removed in a future version. See the attribute description in the output of the read-resource-description operation to learn more about the deprecation.
2024-06-06 13:13:34,438 INFO  [org.jboss.as.server] (Controller Boot Thread) WFLYSRV0039: Creating http management service using socket-binding (management-http)
2024-06-06 13:13:34,472 INFO  [org.xnio] (MSC service thread 1-3) XNIO version 3.8.8.Final
2024-06-06 13:13:34,481 INFO  [org.xnio.nio] (MSC service thread 1-3) XNIO NIO Implementation Version 3.8.8.Final
2024-06-06 13:13:34,555 INFO  [org.jboss.as.clustering.infinispan] (ServerService Thread Pool -- 56) WFLYCLINF0001: Activating Infinispan subsystem.
2024-06-06 13:13:34,555 INFO  [org.jboss.as.jaxrs] (ServerService Thread Pool -- 58) WFLYRS0016: RESTEasy version 6.2.1.Final
2024-06-06 13:13:34,551 WARN  [org.jboss.as.txn] (ServerService Thread Pool -- 76) WFLYTX0013: The node-identifier attribute on the /subsystem=transactions is set to the default value. This is a danger for environments running multiple servers. Please make sure the attribute value is unique.
2024-06-06 13:13:34,562 INFO  [org.wildfly.extension.microprofile.jwt.smallrye] (ServerService Thread Pool -- 67) WFLYJWT0001: Activating MicroProfile JWT Subsystem
2024-06-06 13:13:34,563 INFO  [org.wildfly.extension.microprofile.config.smallrye] (ServerService Thread Pool -- 66) WFLYCONF0001: Activating MicroProfile Config Subsystem
2024-06-06 13:13:34,578 INFO  [org.wildfly.extension.elytron.oidc._private] (ServerService Thread Pool -- 54) WFLYOIDC0001: Activating WildFly Elytron OIDC Subsystem
2024-06-06 13:13:34,604 INFO  [org.wildfly.extension.health] (ServerService Thread Pool -- 55) WFLYHEALTH0001: Activating Base Health Subsystem
2024-06-06 13:13:34,606 INFO  [org.wildfly.extension.microprofile.opentracing] (ServerService Thread Pool -- 68) WFLYTRACEXT0001: Activating MicroProfile OpenTracing Subsystem
2024-06-06 13:13:34,610 INFO  [org.wildfly.extension.metrics] (ServerService Thread Pool -- 65) WFLYMETRICS0001: Activating Base Metrics Subsystem
2024-06-06 13:13:34,622 INFO  [org.jboss.as.naming] (ServerService Thread Pool -- 69) WFLYNAM0001: Activating Naming Subsystem
2024-06-06 13:13:34,638 INFO  [org.jboss.as.connector.subsystems.datasources] (ServerService Thread Pool -- 45) WFLYJCA0004: Deploying JDBC-compliant driver class org.h2.Driver (version 2.1)
2024-06-06 13:13:34,643 INFO  [org.jboss.as.webservices] (ServerService Thread Pool -- 78) WFLYWS0002: Activating WebServices Extension
2024-06-06 13:13:34,653 INFO  [org.jboss.as.jsf] (ServerService Thread Pool -- 63) WFLYJSF0007: Activated the following Jakarta Server Faces Implementations: [main]
2024-06-06 13:13:34,670 INFO  [org.jboss.as.connector] (MSC service thread 1-1) WFLYJCA0009: Starting Jakarta Connectors Subsystem (WildFly/IronJacamar 1.5.9.Final)
2024-06-06 13:13:34,692 INFO  [org.jboss.as.naming] (MSC service thread 1-1) WFLYNAM0003: Starting Naming Service
2024-06-06 13:13:34,700 INFO  [org.jboss.as.mail.extension] (MSC service thread 1-1) WFLYMAIL0001: Bound mail session [java:jboss/mail/Default]
2024-06-06 13:13:34,705 INFO  [org.jboss.as.connector.deployers.jdbc] (MSC service thread 1-1) WFLYJCA0018: Started Driver service with driver-name = h2
2024-06-06 13:13:34,726 INFO  [org.jboss.as.connector.subsystems.datasources] (ServerService Thread Pool -- 45) WFLYJCA0004: Deploying JDBC-compliant driver class org.hsqldb.jdbcDriver (version 2.7)
2024-06-06 13:13:34,738 INFO  [org.jboss.as.connector.deployers.jdbc] (MSC service thread 1-1) WFLYJCA0018: Started Driver service with driver-name = hsqldb
2024-06-06 13:13:34,748 INFO  [org.wildfly.extension.undertow] (MSC service thread 1-4) WFLYUT0003: Undertow 2.3.0.Final starting
2024-06-06 13:13:34,809 WARN  [org.wildfly.extension.elytron] (MSC service thread 1-4) WFLYELY00023: KeyStore file 'C:\Users\aless\OneDrive\Bureau\Jakarta\rootJakartaEE\tools\wildfly-27.0.0.Final\standalone\configuration\application.keystore' does not exist. Used blank.
2024-06-06 13:13:34,848 WARN  [org.wildfly.extension.elytron] (MSC service thread 1-5) WFLYELY01084: KeyStore C:\Users\aless\OneDrive\Bureau\Jakarta\rootJakartaEE\tools\wildfly-27.0.0.Final\standalone\configuration\application.keystore not found, it will be auto generated on first use with a self-signed certificate for host localhost
2024-06-06 13:13:35,015 INFO  [org.wildfly.extension.undertow] (ServerService Thread Pool -- 77) WFLYUT0014: Creating file handler for path 'C:\Users\aless\OneDrive\Bureau\Jakarta\rootJakartaEE\tools\wildfly-27.0.0.Final/welcome-content' with options [directory-listing: 'false', follow-symlink: 'false', case-sensitive: 'true', safe-symlink-paths: '[]']
2024-06-06 13:13:35,630 INFO  [org.wildfly.extension.io] (ServerService Thread Pool -- 57) WFLYIO001: Worker 'default' has auto-configured to 16 IO threads with 128 max task threads based on your 8 available processors
2024-06-06 13:13:35,638 INFO  [org.jboss.as.ejb3] (MSC service thread 1-4) WFLYEJB0481: Strict pool slsb-strict-max-pool is using a max instance size of 128 (per class), which is derived from thread worker pool sizing.
2024-06-06 13:13:35,637 INFO  [org.jboss.as.ejb3] (MSC service thread 1-6) WFLYEJB0482: Strict pool mdb-strict-max-pool is using a max instance size of 32 (per class), which is derived from the number of CPUs on this host.
2024-06-06 13:13:35,696 INFO  [org.jboss.as.server.deployment] (MSC service thread 1-3) WFLYSRV0027: Starting deployment of "TP12-WEB-EJB-PC-EPC-E-0.0.1-SNAPSHOT.war" (runtime-name: "TP12-WEB-EJB-PC-EPC-E-0.0.1-SNAPSHOT.war")
2024-06-06 13:13:35,697 INFO  [org.jboss.as.server.deployment] (MSC service thread 1-5) WFLYSRV0027: Starting deployment of "TP02-WEB-JSP-SERVLET-E-0.0.1-SNAPSHOT.war" (runtime-name: "TP02-WEB-JSP-SERVLET-E-0.0.1-SNAPSHOT.war")
2024-06-06 13:13:35,701 INFO  [org.jboss.remoting] (MSC service thread 1-1) JBoss Remoting version 5.0.26.Final
2024-06-06 13:13:35,714 INFO  [org.wildfly.extension.undertow] (MSC service thread 1-8) WFLYUT0012: Started server default-server.
2024-06-06 13:13:35,719 INFO  [org.wildfly.extension.undertow] (MSC service thread 1-8) Queuing requests.
2024-06-06 13:13:35,721 INFO  [org.wildfly.extension.undertow] (MSC service thread 1-8) WFLYUT0018: Host default-host starting
2024-06-06 13:13:35,733 INFO  [org.jboss.as.patching] (MSC service thread 1-2) WFLYPAT0050: WildFly Full cumulative patch ID is: base, one-off patches include: none
2024-06-06 13:13:35,758 INFO  [org.jboss.as.server.deployment.scanner] (MSC service thread 1-2) WFLYDS0013: Started FileSystemDeploymentService for directory C:\Users\aless\OneDrive\Bureau\Jakarta\rootJakartaEE\tools\wildfly-27.0.0.Final\standalone\deployments
2024-06-06 13:13:35,811 INFO  [org.wildfly.extension.undertow] (MSC service thread 1-5) WFLYUT0006: Undertow HTTP listener default listening on 127.0.0.1:8080
2024-06-06 13:13:35,819 INFO  [org.wildfly.extension.undertow] (MSC service thread 1-8) WFLYUT0006: Undertow HTTPS listener https listening on 127.0.0.1:8443
2024-06-06 13:13:35,992 INFO  [org.jboss.as.ejb3] (MSC service thread 1-2) WFLYEJB0493: Jakarta Enterprise Beans subsystem suspension complete
2024-06-06 13:13:36,168 INFO  [org.jboss.as.connector.subsystems.datasources] (MSC service thread 1-6) WFLYJCA0001: Bound data source [java:/labsDS]
2024-06-06 13:13:36,174 INFO  [org.jboss.as.connector.subsystems.datasources] (MSC service thread 1-1) WFLYJCA0001: Bound data source [java:jboss/datasources/ExampleDS]
2024-06-06 13:13:36,282 INFO  [org.jboss.ws.common.management] (MSC service thread 1-8) JBWS022052: Starting JBossWS 6.1.0.Final (Apache CXF 3.5.2.jbossorg-3) 
2024-06-06 13:13:37,560 INFO  [org.wildfly.extension.undertow] (ServerService Thread Pool -- 82) WFLYUT0021: Registered web context: '/TP02-WEB-JSP-SERVLET-E-0.0.1-SNAPSHOT' for server 'default-server'
2024-06-06 13:13:39,019 INFO  [org.jboss.as.jpa] (MSC service thread 1-1) WFLYJPA0002: Read persistence.xml for footballPU
2024-06-06 13:13:39,019 INFO  [org.jboss.as.jpa] (MSC service thread 1-1) WFLYJPA0002: Read persistence.xml for footballPU_unitTest
2024-06-06 13:13:39,175 INFO  [org.jipijapa] (MSC service thread 1-5) JIPIORMV6020260: Second level cache enabled for TP12-WEB-EJB-PC-EPC-E-0.0.1-SNAPSHOT.war#footballPU_unitTest
2024-06-06 13:13:39,179 INFO  [org.jipijapa] (MSC service thread 1-5) JIPIORMV6020260: Second level cache enabled for TP12-WEB-EJB-PC-EPC-E-0.0.1-SNAPSHOT.war#footballPU
2024-06-06 13:13:39,311 INFO  [org.jboss.weld.deployer] (MSC service thread 1-2) WFLYWELD0003: Processing weld deployment TP12-WEB-EJB-PC-EPC-E-0.0.1-SNAPSHOT.war
2024-06-06 13:13:39,478 INFO  [org.hibernate.validator.internal.util.Version] (MSC service thread 1-2) HV000001: Hibernate Validator 8.0.0.Final
2024-06-06 13:13:39,687 INFO  [org.jboss.as.ejb3.deployment] (MSC service thread 1-2) WFLYEJB0473: JNDI bindings for session bean named 'FootballBean' in deployment unit 'deployment "TP12-WEB-EJB-PC-EPC-E-0.0.1-SNAPSHOT.war"' are as follows:

	java:global/TP12-WEB-EJB-PC-EPC-E-0.0.1-SNAPSHOT/FootballBean!ch.hevs.footballservice.Football
	java:app/TP12-WEB-EJB-PC-EPC-E-0.0.1-SNAPSHOT/FootballBean!ch.hevs.footballservice.Football
	java:module/FootballBean!ch.hevs.footballservice.Football
	java:global/TP12-WEB-EJB-PC-EPC-E-0.0.1-SNAPSHOT/FootballBean
	java:app/TP12-WEB-EJB-PC-EPC-E-0.0.1-SNAPSHOT/FootballBean
	java:module/FootballBean

2024-06-06 13:13:39,806 WARN  [org.wildfly.extension.microprofile.opentracing] (MSC service thread 1-2) WFLYTRACEXT0012: No Jaeger endpoint or sender-binding configured. Installing a no-op sender
2024-06-06 13:13:39,819 INFO  [io.jaegertracing.internal.JaegerTracer] (MSC service thread 1-2) No shutdown hook registered: Please call close() manually on application shutdown.
2024-06-06 13:13:39,822 INFO  [org.wildfly.microprofile.opentracing.smallrye] (MSC service thread 1-2) WFLYTRAC0001: Tracer initialized: JaegerTracer(version=Java-1.6.0, serviceName=TP12-WEB-EJB-PC-EPC-E-0.0.1-SNAPSHOT.war, reporter=RemoteReporter(sender=NoopSender(), closeEnqueueTimeout=1000), sampler=ConstSampler(decision=true, tags={sampler.type=const, sampler.param=true}), tags={hostname=LAPTOP-UVEFCP95, jaeger.version=Java-1.6.0, ip=153.109.68.33}, zipkinSharedRpcSpan=false, expandExceptionLogs=false, useTraceId128Bit=false)
2024-06-06 13:13:40,014 INFO  [org.infinispan.CONTAINER] (ServerService Thread Pool -- 82) ISPN000556: Starting user marshaller 'org.wildfly.clustering.infinispan.marshalling.jboss.JBossMarshaller'
2024-06-06 13:13:40,040 INFO  [org.jipijapa] (MSC service thread 1-3) JIPIORMV6020260: Second level cache enabled for TP12-WEB-EJB-PC-EPC-E-0.0.1-SNAPSHOT.war#footballPU_unitTest
2024-06-06 13:13:40,067 INFO  [org.jipijapa] (MSC service thread 1-3) JIPIORMV6020260: Second level cache enabled for TP12-WEB-EJB-PC-EPC-E-0.0.1-SNAPSHOT.war#footballPU
2024-06-06 13:13:40,270 INFO  [org.jboss.weld.Version] (MSC service thread 1-3) WELD-000900: 5.1.0 (Final)
2024-06-06 13:13:40,687 INFO  [org.jboss.as.jpa] (ServerService Thread Pool -- 82) WFLYJPA0010: Starting Persistence Unit (phase 1 of 2) Service 'TP12-WEB-EJB-PC-EPC-E-0.0.1-SNAPSHOT.war#footballPU_unitTest'
2024-06-06 13:13:40,687 INFO  [org.jboss.as.jpa] (ServerService Thread Pool -- 83) WFLYJPA0010: Starting Persistence Unit (phase 1 of 2) Service 'TP12-WEB-EJB-PC-EPC-E-0.0.1-SNAPSHOT.war#footballPU'
2024-06-06 13:13:40,716 INFO  [org.hibernate.jpa.internal.util.LogHelper] (ServerService Thread Pool -- 82) HHH000204: Processing PersistenceUnitInfo [name: footballPU_unitTest]
2024-06-06 13:13:40,716 INFO  [org.hibernate.jpa.internal.util.LogHelper] (ServerService Thread Pool -- 83) HHH000204: Processing PersistenceUnitInfo [name: footballPU]
2024-06-06 13:13:40,825 INFO  [org.hibernate.Version] (ServerService Thread Pool -- 82) HHH000412: Hibernate ORM core version 6.1.5.Final
2024-06-06 13:13:41,052 WARN  [org.hibernate.orm.deprecation] (ServerService Thread Pool -- 83) HHH90000021: Encountered deprecated setting [javax.persistence.sharedCache.mode], use [jakarta.persistence.sharedCache.mode] instead
2024-06-06 13:13:41,052 WARN  [org.hibernate.orm.deprecation] (ServerService Thread Pool -- 82) HHH90000021: Encountered deprecated setting [javax.persistence.sharedCache.mode], use [jakarta.persistence.sharedCache.mode] instead
2024-06-06 13:13:41,228 INFO  [org.jboss.as.jpa] (ServerService Thread Pool -- 83) WFLYJPA0010: Starting Persistence Unit (phase 2 of 2) Service 'TP12-WEB-EJB-PC-EPC-E-0.0.1-SNAPSHOT.war#footballPU'
2024-06-06 13:13:41,237 INFO  [org.jboss.as.jpa] (ServerService Thread Pool -- 82) WFLYJPA0010: Starting Persistence Unit (phase 2 of 2) Service 'TP12-WEB-EJB-PC-EPC-E-0.0.1-SNAPSHOT.war#footballPU_unitTest'
2024-06-06 13:13:41,528 INFO  [SQL dialect] (ServerService Thread Pool -- 83) HHH000400: Using dialect: org.hibernate.dialect.HSQLDialect
2024-06-06 13:13:41,529 INFO  [SQL dialect] (ServerService Thread Pool -- 82) HHH000400: Using dialect: org.hibernate.dialect.HSQLDialect
2024-06-06 13:13:41,569 INFO  [org.hibernate.envers.boot.internal.EnversServiceImpl] (ServerService Thread Pool -- 83) Envers integration enabled? : true
2024-06-06 13:13:41,569 INFO  [org.hibernate.envers.boot.internal.EnversServiceImpl] (ServerService Thread Pool -- 82) Envers integration enabled? : true
2024-06-06 13:13:42,412 INFO  [org.jboss.as.clustering.infinispan] (ServerService Thread Pool -- 83) WFLYCLINF0002: Started TP12-WEB-EJB-PC-EPC-E-0.0.1-SNAPSHOT.war#footballPU.default-update-timestamps-region cache from hibernate container
2024-06-06 13:13:42,450 INFO  [org.jboss.as.clustering.infinispan] (ServerService Thread Pool -- 83) WFLYCLINF0002: Started TP12-WEB-EJB-PC-EPC-E-0.0.1-SNAPSHOT.war#footballPU.default-query-results-region cache from hibernate container
2024-06-06 13:13:43,734 INFO  [jakarta.enterprise.resource.webcontainer.faces.config] (ServerService Thread Pool -- 80) Initialisation de Mojarra 4.0.0.SP01 pour le contexte «/TP12-WEB-EJB-PC-EPC-E-0.0.1-SNAPSHOT»
2024-06-06 13:13:44,467 INFO  [org.wildfly.extension.undertow] (ServerService Thread Pool -- 80) WFLYUT0021: Registered web context: '/TP12-WEB-EJB-PC-EPC-E-0.0.1-SNAPSHOT' for server 'default-server'
2024-06-06 13:13:44,558 INFO  [org.jboss.as.server] (Controller Boot Thread) WFLYSRV0010: Deployed "TP12-WEB-EJB-PC-EPC-E-0.0.1-SNAPSHOT.war" (runtime-name : "TP12-WEB-EJB-PC-EPC-E-0.0.1-SNAPSHOT.war")
2024-06-06 13:13:44,559 INFO  [org.jboss.as.server] (Controller Boot Thread) WFLYSRV0010: Deployed "TP02-WEB-JSP-SERVLET-E-0.0.1-SNAPSHOT.war" (runtime-name : "TP02-WEB-JSP-SERVLET-E-0.0.1-SNAPSHOT.war")
2024-06-06 13:13:44,634 INFO  [org.jboss.as.server] (Controller Boot Thread) WFLYSRV0212: Resuming server
2024-06-06 13:13:44,639 INFO  [org.jboss.as] (Controller Boot Thread) WFLYSRV0025: WildFly Full 27.0.0.Final (WildFly Core 19.0.0.Final) started in 13407ms - Started 545 of 762 services (366 services are lazy, passive or on-demand) - Server configuration file in use: standalone.xml
2024-06-06 13:13:44,645 INFO  [org.jboss.as] (Controller Boot Thread) WFLYSRV0060: Http management interface listening on http://127.0.0.1:9990/management
2024-06-06 13:13:44,646 INFO  [org.jboss.as] (Controller Boot Thread) WFLYSRV0051: Admin console listening on http://127.0.0.1:9990
2024-06-06 13:14:04,150 INFO  [org.jboss.as.repository] (management-handler-thread - 1) WFLYDR0001: Content added at location C:\Users\aless\OneDrive\Bureau\Jakarta\rootJakartaEE\tools\wildfly-27.0.0.Final\standalone\data\content\f9\5f43b16541f64e8467ab9815d793b800f76d0d\content
2024-06-06 13:14:04,176 INFO  [org.wildfly.extension.undertow] (ServerService Thread Pool -- 80) WFLYUT0022: Unregistered web context: '/TP12-WEB-EJB-PC-EPC-E-0.0.1-SNAPSHOT' from server 'default-server'
2024-06-06 13:14:04,220 INFO  [org.jboss.as.jpa] (ServerService Thread Pool -- 80) WFLYJPA0011: Stopping Persistence Unit (phase 2 of 2) Service 'TP12-WEB-EJB-PC-EPC-E-0.0.1-SNAPSHOT.war#footballPU_unitTest'
2024-06-06 13:14:04,220 INFO  [org.jboss.as.jpa] (ServerService Thread Pool -- 6) WFLYJPA0011: Stopping Persistence Unit (phase 2 of 2) Service 'TP12-WEB-EJB-PC-EPC-E-0.0.1-SNAPSHOT.war#footballPU'
2024-06-06 13:14:04,224 INFO  [org.hibernate.orm.beans] (ServerService Thread Pool -- 80) HHH10005004: Stopping BeanContainer : org.hibernate.resource.beans.container.internal.CdiBeanContainerExtendedAccessImpl@12bd6167
2024-06-06 13:14:04,226 INFO  [org.jboss.as.clustering.infinispan] (ServerService Thread Pool -- 6) WFLYCLINF0003: Stopped TP12-WEB-EJB-PC-EPC-E-0.0.1-SNAPSHOT.war#footballPU.default-query-results-region cache from hibernate container
2024-06-06 13:14:04,227 INFO  [org.hibernate.orm.beans] (ServerService Thread Pool -- 6) HHH10005004: Stopping BeanContainer : org.hibernate.resource.beans.container.internal.CdiBeanContainerExtendedAccessImpl@7faeb78b
2024-06-06 13:14:04,229 INFO  [org.jboss.as.clustering.infinispan] (ServerService Thread Pool -- 6) WFLYCLINF0003: Stopped TP12-WEB-EJB-PC-EPC-E-0.0.1-SNAPSHOT.war#footballPU.default-update-timestamps-region cache from hibernate container
2024-06-06 13:14:04,229 INFO  [org.jboss.as.jpa] (ServerService Thread Pool -- 80) WFLYJPA0011: Stopping Persistence Unit (phase 1 of 2) Service 'TP12-WEB-EJB-PC-EPC-E-0.0.1-SNAPSHOT.war#footballPU_unitTest'
2024-06-06 13:14:04,231 INFO  [org.jboss.as.jpa] (ServerService Thread Pool -- 6) WFLYJPA0011: Stopping Persistence Unit (phase 1 of 2) Service 'TP12-WEB-EJB-PC-EPC-E-0.0.1-SNAPSHOT.war#footballPU'
2024-06-06 13:14:04,335 INFO  [org.jboss.as.server.deployment] (MSC service thread 1-7) WFLYSRV0028: Stopped deployment TP12-WEB-EJB-PC-EPC-E-0.0.1-SNAPSHOT.war (runtime-name: TP12-WEB-EJB-PC-EPC-E-0.0.1-SNAPSHOT.war) in 175ms
2024-06-06 13:14:04,339 INFO  [org.jboss.as.server.deployment] (MSC service thread 1-5) WFLYSRV0027: Starting deployment of "TP12-WEB-EJB-PC-EPC-E-0.0.1-SNAPSHOT.war" (runtime-name: "TP12-WEB-EJB-PC-EPC-E-0.0.1-SNAPSHOT.war")
2024-06-06 13:14:06,398 INFO  [org.jboss.as.jpa] (MSC service thread 1-7) WFLYJPA0002: Read persistence.xml for bankPU
2024-06-06 13:14:06,398 INFO  [org.jboss.as.jpa] (MSC service thread 1-7) WFLYJPA0002: Read persistence.xml for bankPU_unitTest
2024-06-06 13:14:06,562 INFO  [org.jipijapa] (MSC service thread 1-5) JIPIORMV6020260: Second level cache enabled for TP12-WEB-EJB-PC-EPC-E-0.0.1-SNAPSHOT.war#bankPU
2024-06-06 13:14:06,565 INFO  [org.jipijapa] (MSC service thread 1-5) JIPIORMV6020260: Second level cache enabled for TP12-WEB-EJB-PC-EPC-E-0.0.1-SNAPSHOT.war#bankPU_unitTest
2024-06-06 13:14:06,586 INFO  [org.jboss.weld.deployer] (MSC service thread 1-8) WFLYWELD0003: Processing weld deployment TP12-WEB-EJB-PC-EPC-E-0.0.1-SNAPSHOT.war
2024-06-06 13:14:06,595 INFO  [org.infinispan.CONTAINER] (ServerService Thread Pool -- 6) ISPN000556: Starting user marshaller 'org.wildfly.clustering.infinispan.marshalling.jboss.JBossMarshaller'
2024-06-06 13:14:06,637 INFO  [org.jboss.as.jpa] (ServerService Thread Pool -- 6) WFLYJPA0010: Starting Persistence Unit (phase 1 of 2) Service 'TP12-WEB-EJB-PC-EPC-E-0.0.1-SNAPSHOT.war#bankPU_unitTest'
2024-06-06 13:14:06,638 INFO  [org.hibernate.jpa.internal.util.LogHelper] (ServerService Thread Pool -- 6) HHH000204: Processing PersistenceUnitInfo [name: bankPU_unitTest]
2024-06-06 13:14:06,644 INFO  [org.jboss.as.jpa] (ServerService Thread Pool -- 80) WFLYJPA0010: Starting Persistence Unit (phase 1 of 2) Service 'TP12-WEB-EJB-PC-EPC-E-0.0.1-SNAPSHOT.war#bankPU'
2024-06-06 13:14:06,644 INFO  [org.hibernate.jpa.internal.util.LogHelper] (ServerService Thread Pool -- 80) HHH000204: Processing PersistenceUnitInfo [name: bankPU]
2024-06-06 13:14:06,657 INFO  [org.jboss.as.ejb3.deployment] (MSC service thread 1-8) WFLYEJB0473: JNDI bindings for session bean named 'BankBean' in deployment unit 'deployment "TP12-WEB-EJB-PC-EPC-E-0.0.1-SNAPSHOT.war"' are as follows:

	java:global/TP12-WEB-EJB-PC-EPC-E-0.0.1-SNAPSHOT/BankBean!ch.hevs.bankservice.Bank
	java:app/TP12-WEB-EJB-PC-EPC-E-0.0.1-SNAPSHOT/BankBean!ch.hevs.bankservice.Bank
	java:module/BankBean!ch.hevs.bankservice.Bank
	java:global/TP12-WEB-EJB-PC-EPC-E-0.0.1-SNAPSHOT/BankBean
	java:app/TP12-WEB-EJB-PC-EPC-E-0.0.1-SNAPSHOT/BankBean
	java:module/BankBean

2024-06-06 13:14:06,666 WARN  [org.hibernate.orm.deprecation] (ServerService Thread Pool -- 80) HHH90000021: Encountered deprecated setting [javax.persistence.sharedCache.mode], use [jakarta.persistence.sharedCache.mode] instead
2024-06-06 13:14:06,671 WARN  [org.hibernate.orm.deprecation] (ServerService Thread Pool -- 6) HHH90000021: Encountered deprecated setting [javax.persistence.sharedCache.mode], use [jakarta.persistence.sharedCache.mode] instead
2024-06-06 13:14:06,737 WARN  [org.wildfly.extension.microprofile.opentracing] (MSC service thread 1-8) WFLYTRACEXT0012: No Jaeger endpoint or sender-binding configured. Installing a no-op sender
2024-06-06 13:14:06,740 INFO  [io.jaegertracing.internal.JaegerTracer] (MSC service thread 1-8) No shutdown hook registered: Please call close() manually on application shutdown.
2024-06-06 13:14:06,743 INFO  [org.wildfly.microprofile.opentracing.smallrye] (MSC service thread 1-8) WFLYTRAC0001: Tracer initialized: JaegerTracer(version=Java-1.6.0, serviceName=TP12-WEB-EJB-PC-EPC-E-0.0.1-SNAPSHOT.war, reporter=RemoteReporter(sender=NoopSender(), closeEnqueueTimeout=1000), sampler=ConstSampler(decision=true, tags={sampler.type=const, sampler.param=true}), tags={hostname=LAPTOP-UVEFCP95, jaeger.version=Java-1.6.0, ip=153.109.68.33}, zipkinSharedRpcSpan=false, expandExceptionLogs=false, useTraceId128Bit=false)
2024-06-06 13:14:06,781 INFO  [org.jipijapa] (MSC service thread 1-1) JIPIORMV6020260: Second level cache enabled for TP12-WEB-EJB-PC-EPC-E-0.0.1-SNAPSHOT.war#bankPU
2024-06-06 13:14:06,783 INFO  [org.jipijapa] (MSC service thread 1-1) JIPIORMV6020260: Second level cache enabled for TP12-WEB-EJB-PC-EPC-E-0.0.1-SNAPSHOT.war#bankPU_unitTest
2024-06-06 13:14:06,855 INFO  [org.jboss.as.jpa] (ServerService Thread Pool -- 80) WFLYJPA0010: Starting Persistence Unit (phase 2 of 2) Service 'TP12-WEB-EJB-PC-EPC-E-0.0.1-SNAPSHOT.war#bankPU'
2024-06-06 13:14:06,855 INFO  [org.jboss.as.jpa] (ServerService Thread Pool -- 6) WFLYJPA0010: Starting Persistence Unit (phase 2 of 2) Service 'TP12-WEB-EJB-PC-EPC-E-0.0.1-SNAPSHOT.war#bankPU_unitTest'
2024-06-06 13:14:06,860 INFO  [SQL dialect] (ServerService Thread Pool -- 6) HHH000400: Using dialect: org.hibernate.dialect.HSQLDialect
2024-06-06 13:14:06,862 INFO  [SQL dialect] (ServerService Thread Pool -- 80) HHH000400: Using dialect: org.hibernate.dialect.HSQLDialect
2024-06-06 13:14:06,867 INFO  [org.hibernate.envers.boot.internal.EnversServiceImpl] (ServerService Thread Pool -- 6) Envers integration enabled? : true
2024-06-06 13:14:06,869 INFO  [org.hibernate.envers.boot.internal.EnversServiceImpl] (ServerService Thread Pool -- 80) Envers integration enabled? : true
2024-06-06 13:14:06,892 INFO  [org.hibernate.id.enhanced.TableGenerator] (ServerService Thread Pool -- 80) HHH000398: Explicit segment value for id generator [hibernate_sequences.sequence_name] suggested; using default [default]
2024-06-06 13:14:06,892 INFO  [org.hibernate.id.enhanced.TableGenerator] (ServerService Thread Pool -- 6) HHH000398: Explicit segment value for id generator [hibernate_sequences.sequence_name] suggested; using default [default]
2024-06-06 13:14:06,901 INFO  [org.hibernate.id.enhanced.TableGenerator] (ServerService Thread Pool -- 80) HHH000398: Explicit segment value for id generator [hibernate_sequences.sequence_name] suggested; using default [default]
2024-06-06 13:14:06,901 INFO  [org.hibernate.id.enhanced.TableGenerator] (ServerService Thread Pool -- 6) HHH000398: Explicit segment value for id generator [hibernate_sequences.sequence_name] suggested; using default [default]
2024-06-06 13:14:06,938 INFO  [org.jboss.as.clustering.infinispan] (ServerService Thread Pool -- 80) WFLYCLINF0002: Started TP12-WEB-EJB-PC-EPC-E-0.0.1-SNAPSHOT.war#bankPU.default-update-timestamps-region cache from hibernate container
2024-06-06 13:14:06,946 INFO  [org.jboss.as.clustering.infinispan] (ServerService Thread Pool -- 80) WFLYCLINF0002: Started TP12-WEB-EJB-PC-EPC-E-0.0.1-SNAPSHOT.war#bankPU.default-query-results-region cache from hibernate container
2024-06-06 13:14:07,040 WARN  [org.hibernate.tool.schema.internal.ExceptionHandlerLoggedImpl] (ServerService Thread Pool -- 6) GenerationTarget encountered exception accepting command : Error executing DDL "insert into hibernate_sequences(sequence_name, next_val) values ('default',0)" via JDBC Statement: org.hibernate.tool.schema.spi.CommandAcceptanceException: Error executing DDL "insert into hibernate_sequences(sequence_name, next_val) values ('default',0)" via JDBC Statement
	at org.hibernate@6.1.5.Final//org.hibernate.tool.schema.internal.exec.GenerationTargetToDatabase.accept(GenerationTargetToDatabase.java:67)
	at org.hibernate@6.1.5.Final//org.hibernate.tool.schema.internal.SchemaCreatorImpl.applySqlString(SchemaCreatorImpl.java:502)
	at org.hibernate@6.1.5.Final//org.hibernate.tool.schema.internal.SchemaCreatorImpl.applySqlStrings(SchemaCreatorImpl.java:486)
	at org.hibernate@6.1.5.Final//org.hibernate.tool.schema.internal.SchemaCreatorImpl.createFromMetadata(SchemaCreatorImpl.java:363)
	at org.hibernate@6.1.5.Final//org.hibernate.tool.schema.internal.SchemaCreatorImpl.performCreation(SchemaCreatorImpl.java:176)
	at org.hibernate@6.1.5.Final//org.hibernate.tool.schema.internal.SchemaCreatorImpl.doCreation(SchemaCreatorImpl.java:144)
	at org.hibernate@6.1.5.Final//org.hibernate.tool.schema.internal.SchemaCreatorImpl.doCreation(SchemaCreatorImpl.java:128)
	at org.hibernate@6.1.5.Final//org.hibernate.tool.schema.spi.SchemaManagementToolCoordinator.performDatabaseAction(SchemaManagementToolCoordinator.java:254)
	at org.hibernate@6.1.5.Final//org.hibernate.tool.schema.spi.SchemaManagementToolCoordinator.lambda$process$5(SchemaManagementToolCoordinator.java:143)
	at java.base/java.util.HashMap.forEach(HashMap.java:1336)
	at org.hibernate@6.1.5.Final//org.hibernate.tool.schema.spi.SchemaManagementToolCoordinator.process(SchemaManagementToolCoordinator.java:140)
	at org.hibernate@6.1.5.Final//org.hibernate.internal.SessionFactoryImpl.<init>(SessionFactoryImpl.java:334)
	at org.hibernate@6.1.5.Final//org.hibernate.boot.internal.SessionFactoryBuilderImpl.build(SessionFactoryBuilderImpl.java:415)
	at org.hibernate@6.1.5.Final//org.hibernate.jpa.boot.internal.EntityManagerFactoryBuilderImpl.build(EntityManagerFactoryBuilderImpl.java:1425)
	at org.hibernate.jipijapa-hibernate6@27.0.0.Final//org.jboss.as.jpa.hibernate.TwoPhaseBootstrapImpl.build(TwoPhaseBootstrapImpl.java:45)
	at org.jboss.as.jpa@27.0.0.Final//org.jboss.as.jpa.service.PersistenceUnitServiceImpl$1$1.run(PersistenceUnitServiceImpl.java:171)
	at org.jboss.as.jpa@27.0.0.Final//org.jboss.as.jpa.service.PersistenceUnitServiceImpl$1$1.run(PersistenceUnitServiceImpl.java:129)
	at java.base/java.security.AccessController.doPrivileged(Native Method)
	at org.wildfly.security.elytron-base@2.0.0.Final//org.wildfly.security.manager.WildFlySecurityManager.doChecked(WildFlySecurityManager.java:664)
	at org.jboss.as.jpa@27.0.0.Final//org.jboss.as.jpa.service.PersistenceUnitServiceImpl$1.run(PersistenceUnitServiceImpl.java:214)
	at org.jboss.threads@2.4.0.Final//org.jboss.threads.ContextClassLoaderSavingRunnable.run(ContextClassLoaderSavingRunnable.java:35)
	at org.jboss.threads@2.4.0.Final//org.jboss.threads.EnhancedQueueExecutor.safeRun(EnhancedQueueExecutor.java:1990)
	at org.jboss.threads@2.4.0.Final//org.jboss.threads.EnhancedQueueExecutor$ThreadBody.doRunTask(EnhancedQueueExecutor.java:1486)
	at org.jboss.threads@2.4.0.Final//org.jboss.threads.EnhancedQueueExecutor$ThreadBody.run(EnhancedQueueExecutor.java:1377)
	at java.base/java.lang.Thread.run(Thread.java:834)
	at org.jboss.threads@2.4.0.Final//org.jboss.threads.JBossThread.run(JBossThread.java:513)
Caused by: org.h2.jdbc.JdbcSQLIntegrityConstraintViolationException: Violation d'index unique ou clé primaire: "PUBLIC.PRIMARY_KEY_5 ON PUBLIC.HIBERNATE_SEQUENCES(SEQUENCE_NAME) VALUES ( /* 1 */ 'default' )"
Unique index or primary key violation: "PUBLIC.PRIMARY_KEY_5 ON PUBLIC.HIBERNATE_SEQUENCES(SEQUENCE_NAME) VALUES ( /* 1 */ 'default' )"; SQL statement:
insert into hibernate_sequences(sequence_name, next_val) values ('default',0) [23505-210]
	at com.h2database.h2@2.1.210//org.h2.message.DbException.getJdbcSQLException(DbException.java:527)
	at com.h2database.h2@2.1.210//org.h2.message.DbException.getJdbcSQLException(DbException.java:496)
	at com.h2database.h2@2.1.210//org.h2.message.DbException.get(DbException.java:227)
	at com.h2database.h2@2.1.210//org.h2.message.DbException.get(DbException.java:203)
	at com.h2database.h2@2.1.210//org.h2.index.Index.getDuplicateKeyException(Index.java:525)
	at com.h2database.h2@2.1.210//org.h2.mvstore.db.MVSecondaryIndex.checkUnique(MVSecondaryIndex.java:223)
	at com.h2database.h2@2.1.210//org.h2.mvstore.db.MVSecondaryIndex.add(MVSecondaryIndex.java:184)
	at com.h2database.h2@2.1.210//org.h2.mvstore.db.MVTable.addRow(MVTable.java:519)
	at com.h2database.h2@2.1.210//org.h2.command.dml.Insert.insertRows(Insert.java:174)
	at com.h2database.h2@2.1.210//org.h2.command.dml.Insert.update(Insert.java:135)
	at com.h2database.h2@2.1.210//org.h2.command.dml.DataChangeStatement.update(DataChangeStatement.java:61)
	at com.h2database.h2@2.1.210//org.h2.command.CommandContainer.update(CommandContainer.java:174)
	at com.h2database.h2@2.1.210//org.h2.command.Command.executeUpdate(Command.java:252)
	at com.h2database.h2@2.1.210//org.h2.jdbc.JdbcStatement.executeInternal(JdbcStatement.java:252)
	at com.h2database.h2@2.1.210//org.h2.jdbc.JdbcStatement.execute(JdbcStatement.java:223)
	at org.jboss.ironjacamar.jdbcadapters@1.5.9.Final//org.jboss.jca.adapters.jdbc.WrappedStatement.execute(WrappedStatement.java:198)
	at org.hibernate@6.1.5.Final//org.hibernate.tool.schema.internal.exec.GenerationTargetToDatabase.accept(GenerationTargetToDatabase.java:54)
	... 25 more

2024-06-06 13:14:07,234 WARN  [org.jboss.weld.Validator] (MSC service thread 1-6) WELD-001471: Interceptor method initialize defined on class ch.hevs.managedbeans.TransferBean is not defined according to the specification. It should not throw javax.naming.NamingException, which is a checked exception.
	at ch.hevs.managedbeans.TransferBean.initialize(TransferBean.java:0)
  StackTrace
2024-06-06 13:14:07,306 WARN  [org.jboss.weld.Validator] (MSC service thread 1-6) WELD-001471: Interceptor method initialize defined on class ch.hevs.managedbeans.TransferBean is not defined according to the specification. It should not throw javax.naming.NamingException, which is a checked exception.
	at ch.hevs.managedbeans.TransferBean.initialize(TransferBean.java:0)
  StackTrace
2024-06-06 13:14:07,381 INFO  [jakarta.enterprise.resource.webcontainer.faces.config] (ServerService Thread Pool -- 6) Initialisation de Mojarra 4.0.0.SP01 pour le contexte «/TP12-WEB-EJB-PC-EPC-E-0.0.1-SNAPSHOT»
2024-06-06 13:14:07,804 INFO  [org.wildfly.extension.undertow] (ServerService Thread Pool -- 6) WFLYUT0021: Registered web context: '/TP12-WEB-EJB-PC-EPC-E-0.0.1-SNAPSHOT' for server 'default-server'
2024-06-06 13:14:07,879 INFO  [org.jboss.as.server] (management-handler-thread - 1) WFLYSRV0016: Replaced deployment "TP12-WEB-EJB-PC-EPC-E-0.0.1-SNAPSHOT.war" with deployment "TP12-WEB-EJB-PC-EPC-E-0.0.1-SNAPSHOT.war"
2024-06-06 13:14:07,892 INFO  [org.jboss.as.repository] (management-handler-thread - 1) WFLYDR0002: Content removed from location C:\Users\aless\OneDrive\Bureau\Jakarta\rootJakartaEE\tools\wildfly-27.0.0.Final\standalone\data\content\08\1996537fcdadf4880c77e37ecade4944c4ddfa\content
2024-06-06 13:16:42,679 INFO  [org.jboss.as.server] (management-handler-thread - 1) WFLYSRV0272: Suspending server
2024-06-06 13:16:42,681 INFO  [org.jboss.as.ejb3] (management-handler-thread - 1) WFLYEJB0493: Jakarta Enterprise Beans subsystem suspension complete
2024-06-06 13:16:42,686 INFO  [org.jboss.as.server] (Management Triggered Shutdown) WFLYSRV0241: Shutting down in response to management operation 'shutdown'
2024-06-06 13:16:42,709 INFO  [org.jboss.as.mail.extension] (MSC service thread 1-6) WFLYMAIL0002: Unbound mail session [java:jboss/mail/Default]
2024-06-06 13:16:42,710 INFO  [org.wildfly.extension.undertow] (ServerService Thread Pool -- 6) WFLYUT0022: Unregistered web context: '/TP12-WEB-EJB-PC-EPC-E-0.0.1-SNAPSHOT' from server 'default-server'
2024-06-06 13:16:42,712 INFO  [org.wildfly.extension.undertow] (ServerService Thread Pool -- 87) WFLYUT0022: Unregistered web context: '/TP02-WEB-JSP-SERVLET-E-0.0.1-SNAPSHOT' from server 'default-server'
2024-06-06 13:16:42,737 INFO  [org.wildfly.extension.undertow] (MSC service thread 1-7) WFLYUT0019: Host default-host stopping
2024-06-06 13:16:42,741 INFO  [org.jboss.as.jpa] (ServerService Thread Pool -- 87) WFLYJPA0011: Stopping Persistence Unit (phase 2 of 2) Service 'TP12-WEB-EJB-PC-EPC-E-0.0.1-SNAPSHOT.war#bankPU'
2024-06-06 13:16:42,742 INFO  [org.jboss.as.jpa] (ServerService Thread Pool -- 6) WFLYJPA0011: Stopping Persistence Unit (phase 2 of 2) Service 'TP12-WEB-EJB-PC-EPC-E-0.0.1-SNAPSHOT.war#bankPU_unitTest'
2024-06-06 13:16:42,744 INFO  [org.hibernate.orm.beans] (ServerService Thread Pool -- 6) HHH10005004: Stopping BeanContainer : org.hibernate.resource.beans.container.internal.CdiBeanContainerExtendedAccessImpl@7b25d61b
2024-06-06 13:16:42,745 INFO  [org.jboss.as.clustering.infinispan] (ServerService Thread Pool -- 87) WFLYCLINF0003: Stopped TP12-WEB-EJB-PC-EPC-E-0.0.1-SNAPSHOT.war#bankPU.default-query-results-region cache from hibernate container
2024-06-06 13:16:42,745 INFO  [org.jboss.as.jpa] (ServerService Thread Pool -- 6) WFLYJPA0011: Stopping Persistence Unit (phase 1 of 2) Service 'TP12-WEB-EJB-PC-EPC-E-0.0.1-SNAPSHOT.war#bankPU_unitTest'
2024-06-06 13:16:42,746 INFO  [org.hibernate.orm.beans] (ServerService Thread Pool -- 87) HHH10005004: Stopping BeanContainer : org.hibernate.resource.beans.container.internal.CdiBeanContainerExtendedAccessImpl@75ca3be9
2024-06-06 13:16:42,747 INFO  [org.jboss.as.connector.subsystems.datasources] (MSC service thread 1-4) WFLYJCA0010: Unbound data source [java:jboss/datasources/ExampleDS]
2024-06-06 13:16:42,747 INFO  [org.jboss.as.clustering.infinispan] (ServerService Thread Pool -- 87) WFLYCLINF0003: Stopped TP12-WEB-EJB-PC-EPC-E-0.0.1-SNAPSHOT.war#bankPU.default-update-timestamps-region cache from hibernate container
2024-06-06 13:16:42,749 INFO  [org.jboss.as.jpa] (ServerService Thread Pool -- 87) WFLYJPA0011: Stopping Persistence Unit (phase 1 of 2) Service 'TP12-WEB-EJB-PC-EPC-E-0.0.1-SNAPSHOT.war#bankPU'
2024-06-06 13:16:42,750 INFO  [org.jboss.as.connector.subsystems.datasources] (MSC service thread 1-5) WFLYJCA0010: Unbound data source [java:/labsDS]
2024-06-06 13:16:42,755 INFO  [org.jboss.as.connector.deployers.jdbc] (MSC service thread 1-2) WFLYJCA0019: Stopped Driver service with driver-name = h2
2024-06-06 13:16:42,767 INFO  [org.jboss.as.connector.deployers.jdbc] (MSC service thread 1-6) WFLYJCA0019: Stopped Driver service with driver-name = hsqldb
2024-06-06 13:16:42,772 INFO  [org.wildfly.extension.undertow] (MSC service thread 1-8) WFLYUT0008: Undertow HTTP listener default suspending
2024-06-06 13:16:42,772 INFO  [org.wildfly.extension.undertow] (MSC service thread 1-2) WFLYUT0008: Undertow HTTPS listener https suspending
2024-06-06 13:16:42,774 INFO  [org.wildfly.extension.undertow] (MSC service thread 1-8) WFLYUT0007: Undertow HTTP listener default stopped, was bound to 127.0.0.1:8080
2024-06-06 13:16:42,774 INFO  [org.wildfly.extension.undertow] (MSC service thread 1-2) WFLYUT0007: Undertow HTTPS listener https stopped, was bound to 127.0.0.1:8443
2024-06-06 13:16:42,776 INFO  [org.wildfly.extension.undertow] (MSC service thread 1-5) WFLYUT0004: Undertow 2.3.0.Final stopping
2024-06-06 13:16:42,799 INFO  [org.jboss.as.server.deployment] (MSC service thread 1-1) WFLYSRV0028: Stopped deployment TP02-WEB-JSP-SERVLET-E-0.0.1-SNAPSHOT.war (runtime-name: TP02-WEB-JSP-SERVLET-E-0.0.1-SNAPSHOT.war) in 109ms
2024-06-06 13:16:42,986 INFO  [org.jboss.as.server.deployment] (MSC service thread 1-3) WFLYSRV0028: Stopped deployment TP12-WEB-EJB-PC-EPC-E-0.0.1-SNAPSHOT.war (runtime-name: TP12-WEB-EJB-PC-EPC-E-0.0.1-SNAPSHOT.war) in 292ms
2024-06-06 13:16:42,993 INFO  [org.jboss.as] (MSC service thread 1-2) WFLYSRV0050: WildFly Full 27.0.0.Final (WildFly Core 19.0.0.Final) stopped in 299ms
2024-06-06 13:17:51,883 INFO  [org.jboss.modules] (main) JBoss Modules version 2.0.3.Final
2024-06-06 13:17:52,978 INFO  [org.jboss.msc] (main) JBoss MSC version 1.4.13.Final
2024-06-06 13:17:52,993 INFO  [org.jboss.threads] (main) JBoss Threads version 2.4.0.Final
2024-06-06 13:17:53,133 INFO  [org.jboss.as] (MSC service thread 1-2) WFLYSRV0049: WildFly Full 27.0.0.Final (WildFly Core 19.0.0.Final) starting
2024-06-06 13:17:53,137 DEBUG [org.jboss.as.config] (MSC service thread 1-2) Configured system properties:
	awt.toolkit = sun.awt.windows.WToolkit
	file.encoding = UTF-8
	file.separator = \
	java.awt.graphicsenv = sun.awt.Win32GraphicsEnvironment
	java.awt.headless = true
	java.awt.printerjob = sun.awt.windows.WPrinterJob
	java.class.path = C:\Users\aless\OneDrive\Bureau\Jakarta\rootJakartaEE\tools\wildfly-27.0.0.Final\jboss-modules.jar
	java.class.version = 55.0
	java.home = C:\Program Files\Java\jdk-11.0.2
	java.io.tmpdir = C:\Users\aless\AppData\Local\Temp\
	java.library.path = C:\Program Files\Java\jdk-11.0.2\bin;C:\Windows\Sun\Java\bin;C:\Windows\system32;C:\Windows;native;C:/Users/aless/OneDrive/Bureau/eclipse//plugins/org.eclipse.justj.openjdk.hotspot.jre.full.win32.x86_64_17.0.10.v20240120-1143/jre/bin/server;C:/Users/aless/OneDrive/Bureau/eclipse//plugins/org.eclipse.justj.openjdk.hotspot.jre.full.win32.x86_64_17.0.10.v20240120-1143/jre/bin;C:\Program Files\Microsoft SDKs\Azure\CLI2\wbin;C:\Program Files\Common Files\Oracle\Java\javapath;C:\Program Files (x86)\VMware\VMware Player\bin\;C:\Windows\system32;C:\Windows;C:\Windows\System32\Wbem;C:\Windows\System32\WindowsPowerShell\v1.0\;C:\Windows\System32\OpenSSH\;C:\Program Files (x86)\Pulse Secure\VC142.CRT\X64\;C:\Program Files (x86)\Pulse Secure\VC142.CRT\X86\;C:\Program Files\PuTTY\;C:\Program Files (x86)\Common Files\Pulse Secure\TNC Client Plugin\;C:\Program Files (x86)\Microsoft SQL Server\160\Tools\Binn\;C:\Program Files\Microsoft SQL Server\160\Tools\Binn\;C:\Program Files\Microsoft SQL Server\Client SDK\ODBC\170\Tools\Binn\;C:\Program Files\Microsoft SQL Server\160\DTS\Binn\;C:\Program Files (x86)\Microsoft SQL Server\160\DTS\Binn\;C:\Program Files\Azure Data Studio\bin;C:\Program Files\Microsoft SQL Server\150\Tools\Binn\;C:\Program Files\dotnet\;C:\Program Files\Git\cmd;C:\Program Files\Docker\Docker\resources\bin;C:\Program Files\nodejs\;C:\Users\aless\AppData\Local\Programs\Python\Launcher\;C:\Users\aless\AppData\Local\Microsoft\WindowsApps;;C:\Users\aless\AppData\Local\Programs\Microsoft VS Code\bin;C:\Program Files\Azure Data Studio\bin;C:\Users\aless\.dotnet\tools;C:\Users\aless\AppData\Roaming\npm;C:\Users\aless\OneDrive\Bureau\eclipse;;.
	java.net.preferIPv4Stack = true
	java.runtime.name = OpenJDK Runtime Environment
	java.runtime.version = 11.0.2+9
	java.specification.name = Java Platform API Specification
	java.specification.vendor = Oracle Corporation
	java.specification.version = 11
	java.util.logging.manager = org.jboss.logmanager.LogManager
	java.vendor = Oracle Corporation
	java.vendor.url = http://java.oracle.com/
	java.vendor.url.bug = http://bugreport.java.com/bugreport/
	java.vendor.version = 18.9
	java.version = 11.0.2
	java.version.date = 2019-01-15
	java.vm.compressedOopsMode = 32-bit
	java.vm.info = mixed mode
	java.vm.name = OpenJDK 64-Bit Server VM
	java.vm.specification.name = Java Virtual Machine Specification
	java.vm.specification.vendor = Oracle Corporation
	java.vm.specification.version = 11
	java.vm.vendor = Oracle Corporation
	java.vm.version = 11.0.2+9
	javax.management.builder.initial = org.jboss.as.jmx.PluggableMBeanServerBuilder
	jboss.bind.address = localhost
	jboss.bind.address.management = localhost
	jboss.home.dir = C:\Users\aless\OneDrive\Bureau\Jakarta\rootJakartaEE\tools\wildfly-27.0.0.Final
	jboss.host.name = laptop-uvefcp95
	jboss.modules.dir = C:\Users\aless\OneDrive\Bureau\Jakarta\rootJakartaEE\tools\wildfly-27.0.0.Final\modules
	jboss.modules.system.pkgs = org.jboss.byteman
	jboss.node.name = laptop-uvefcp95
	jboss.qualified.host.name = laptop-uvefcp95
	jboss.server.base.dir = C:\Users\aless\OneDrive\Bureau\Jakarta\rootJakartaEE\tools\wildfly-27.0.0.Final\standalone
	jboss.server.config.dir = C:\Users\aless\OneDrive\Bureau\Jakarta\rootJakartaEE\tools\wildfly-27.0.0.Final\standalone\configuration
	jboss.server.data.dir = C:\Users\aless\OneDrive\Bureau\Jakarta\rootJakartaEE\tools\wildfly-27.0.0.Final\standalone\data
	jboss.server.deploy.dir = C:\Users\aless\OneDrive\Bureau\Jakarta\rootJakartaEE\tools\wildfly-27.0.0.Final\standalone\data\content
	jboss.server.log.dir = C:\Users\aless\OneDrive\Bureau\Jakarta\rootJakartaEE\tools\wildfly-27.0.0.Final\standalone\log
	jboss.server.name = laptop-uvefcp95
	jboss.server.persist.config = true
	jboss.server.temp.dir = C:\Users\aless\OneDrive\Bureau\Jakarta\rootJakartaEE\tools\wildfly-27.0.0.Final\standalone\tmp
	jdk.debug = release
	line.separator = 

	logging.configuration = file:C:\Users\aless\OneDrive\Bureau\Jakarta\rootJakartaEE\tools\wildfly-27.0.0.Final\standalone\configuration\logging.properties
	module.path = C:\Users\aless\OneDrive\Bureau\Jakarta\rootJakartaEE\tools\wildfly-27.0.0.Final\modules
	org.jboss.boot.log.file = C:\Users\aless\OneDrive\Bureau\Jakarta\rootJakartaEE\tools\wildfly-27.0.0.Final\standalone\log\boot.log
	org.jboss.logmanager.nocolor = true
	org.jboss.resolver.warning = true
	os.arch = amd64
	os.name = Windows 10
	os.version = 10.0
	path.separator = ;
	program.name = JBossTools: WildFly 27+
	stderr.encoding = UTF-8
	stdout.encoding = UTF-8
	sun.arch.data.model = 64
	sun.boot.library.path = C:\Program Files\Java\jdk-11.0.2\bin
	sun.cpu.endian = little
	sun.cpu.isalist = amd64
	sun.desktop = windows
	sun.io.unicode.encoding = UnicodeLittle
	sun.java.command = org.jboss.modules.Main -mp C:\Users\aless\OneDrive\Bureau\Jakarta\rootJakartaEE\tools\wildfly-27.0.0.Final\modules org.jboss.as.standalone -b localhost --server-config=standalone.xml -Djboss.server.base.dir=C:\Users\aless\OneDrive\Bureau\Jakarta\rootJakartaEE\tools\wildfly-27.0.0.Final\standalone
	sun.java.launcher = SUN_STANDARD
	sun.jnu.encoding = Cp1252
	sun.management.compiler = HotSpot 64-Bit Tiered Compilers
	sun.os.patch.level = 
	sun.rmi.dgc.client.gcInterval = 3600000
	sun.rmi.dgc.server.gcInterval = 3600000
	user.country = FR
	user.dir = C:\Users\aless\OneDrive\Bureau\Jakarta\rootJakartaEE\tools\wildfly-27.0.0.Final\bin
	user.home = C:\Users\aless
	user.language = fr
	user.name = aless
	user.script = 
	user.timezone = Europe/Paris
	user.variant = 
2024-06-06 13:17:53,140 DEBUG [org.jboss.as.config] (MSC service thread 1-2) VM Arguments: -Dprogram.name=JBossTools: WildFly 27+ -Xms1303m -Xmx1303m -XX:MetaspaceSize=96M -XX:MaxMetaspaceSize=256m -Dorg.jboss.resolver.warning=true -Djava.net.preferIPv4Stack=true -Dsun.rmi.dgc.client.gcInterval=3600000 -Dsun.rmi.dgc.server.gcInterval=3600000 -Djboss.modules.system.pkgs=org.jboss.byteman -Djava.awt.headless=true -Dorg.jboss.boot.log.file=C:\Users\aless\OneDrive\Bureau\Jakarta\rootJakartaEE\tools\wildfly-27.0.0.Final\standalone\log\boot.log -Dlogging.configuration=file:C:\Users\aless\OneDrive\Bureau\Jakarta\rootJakartaEE\tools\wildfly-27.0.0.Final\standalone\configuration\logging.properties -Djboss.home.dir=C:\Users\aless\OneDrive\Bureau\Jakarta\rootJakartaEE\tools\wildfly-27.0.0.Final -Dorg.jboss.logmanager.nocolor=true --add-exports=java.base/sun.nio.ch=ALL-UNNAMED --add-exports=jdk.unsupported/sun.misc=ALL-UNNAMED --add-exports=jdk.unsupported/sun.reflect=ALL-UNNAMED --add-modules=java.se -Djboss.bind.address.management=localhost -Dfile.encoding=UTF-8 -Dstdout.encoding=UTF-8 -Dstderr.encoding=UTF-8 
2024-06-06 13:17:54,262 INFO  [org.wildfly.security] (ServerService Thread Pool -- 28) ELY00001: WildFly Elytron version 2.0.0.Final
2024-06-06 13:17:54,986 WARN  [org.jboss.as.controller] (ServerService Thread Pool -- 25) WFLYCTL0481: The runtime dependency package 'io.smallrye.opentracing-contrib' is already registered at location '/subsystem=microprofile-opentracing-smallrye'
2024-06-06 13:17:54,988 WARN  [org.jboss.as.controller] (ServerService Thread Pool -- 25) WFLYCTL0481: The runtime dependency package 'io.smallrye.opentracing-contrib' is already registered at location '/subsystem=microprofile-opentracing-smallrye'
2024-06-06 13:17:55,401 INFO  [org.jboss.as.controller.management-deprecated] (ServerService Thread Pool -- 7) WFLYCTL0028: Attribute 'cluster' in the resource at address '/subsystem=ejb3/service=remote' is deprecated, and may be removed in a future version. See the attribute description in the output of the read-resource-description operation to learn more about the deprecation.
2024-06-06 13:17:55,563 INFO  [org.jboss.as.server] (Controller Boot Thread) WFLYSRV0039: Creating http management service using socket-binding (management-http)
2024-06-06 13:17:55,589 INFO  [org.xnio] (MSC service thread 1-3) XNIO version 3.8.8.Final
2024-06-06 13:17:55,599 INFO  [org.xnio.nio] (MSC service thread 1-3) XNIO NIO Implementation Version 3.8.8.Final
2024-06-06 13:17:55,656 INFO  [org.jboss.as.clustering.infinispan] (ServerService Thread Pool -- 56) WFLYCLINF0001: Activating Infinispan subsystem.
2024-06-06 13:17:55,671 WARN  [org.jboss.as.txn] (ServerService Thread Pool -- 76) WFLYTX0013: The node-identifier attribute on the /subsystem=transactions is set to the default value. This is a danger for environments running multiple servers. Please make sure the attribute value is unique.
2024-06-06 13:17:55,675 INFO  [org.jboss.as.jaxrs] (ServerService Thread Pool -- 58) WFLYRS0016: RESTEasy version 6.2.1.Final
2024-06-06 13:17:55,689 INFO  [org.wildfly.extension.microprofile.config.smallrye] (ServerService Thread Pool -- 66) WFLYCONF0001: Activating MicroProfile Config Subsystem
2024-06-06 13:17:55,695 INFO  [org.wildfly.extension.metrics] (ServerService Thread Pool -- 65) WFLYMETRICS0001: Activating Base Metrics Subsystem
2024-06-06 13:17:55,696 INFO  [org.jboss.as.jsf] (ServerService Thread Pool -- 63) WFLYJSF0007: Activated the following Jakarta Server Faces Implementations: [main]
2024-06-06 13:17:55,710 INFO  [org.wildfly.extension.elytron.oidc._private] (ServerService Thread Pool -- 54) WFLYOIDC0001: Activating WildFly Elytron OIDC Subsystem
2024-06-06 13:17:55,721 INFO  [org.jboss.as.naming] (ServerService Thread Pool -- 69) WFLYNAM0001: Activating Naming Subsystem
2024-06-06 13:17:55,724 INFO  [org.wildfly.extension.microprofile.jwt.smallrye] (ServerService Thread Pool -- 67) WFLYJWT0001: Activating MicroProfile JWT Subsystem
2024-06-06 13:17:55,724 INFO  [org.wildfly.extension.health] (ServerService Thread Pool -- 55) WFLYHEALTH0001: Activating Base Health Subsystem
2024-06-06 13:17:55,744 INFO  [org.wildfly.extension.microprofile.opentracing] (ServerService Thread Pool -- 68) WFLYTRACEXT0001: Activating MicroProfile OpenTracing Subsystem
2024-06-06 13:17:55,758 INFO  [org.jboss.as.connector.subsystems.datasources] (ServerService Thread Pool -- 45) WFLYJCA0004: Deploying JDBC-compliant driver class org.h2.Driver (version 2.1)
2024-06-06 13:17:55,823 INFO  [org.jboss.as.webservices] (ServerService Thread Pool -- 78) WFLYWS0002: Activating WebServices Extension
2024-06-06 13:17:55,825 INFO  [org.jboss.as.connector.subsystems.datasources] (ServerService Thread Pool -- 45) WFLYJCA0004: Deploying JDBC-compliant driver class org.hsqldb.jdbcDriver (version 2.7)
2024-06-06 13:17:55,840 INFO  [org.wildfly.extension.undertow] (MSC service thread 1-7) WFLYUT0003: Undertow 2.3.0.Final starting
2024-06-06 13:17:55,860 INFO  [org.jboss.as.connector] (MSC service thread 1-7) WFLYJCA0009: Starting Jakarta Connectors Subsystem (WildFly/IronJacamar 1.5.9.Final)
2024-06-06 13:17:55,897 INFO  [org.jboss.as.connector.deployers.jdbc] (MSC service thread 1-6) WFLYJCA0018: Started Driver service with driver-name = hsqldb
2024-06-06 13:17:55,899 INFO  [org.jboss.as.connector.deployers.jdbc] (MSC service thread 1-6) WFLYJCA0018: Started Driver service with driver-name = h2
2024-06-06 13:17:56,032 WARN  [org.wildfly.extension.elytron] (MSC service thread 1-6) WFLYELY00023: KeyStore file 'C:\Users\aless\OneDrive\Bureau\Jakarta\rootJakartaEE\tools\wildfly-27.0.0.Final\standalone\configuration\application.keystore' does not exist. Used blank.
2024-06-06 13:17:56,110 WARN  [org.wildfly.extension.elytron] (MSC service thread 1-5) WFLYELY01084: KeyStore C:\Users\aless\OneDrive\Bureau\Jakarta\rootJakartaEE\tools\wildfly-27.0.0.Final\standalone\configuration\application.keystore not found, it will be auto generated on first use with a self-signed certificate for host localhost
2024-06-06 13:17:56,106 INFO  [org.wildfly.extension.undertow] (ServerService Thread Pool -- 77) WFLYUT0014: Creating file handler for path 'C:\Users\aless\OneDrive\Bureau\Jakarta\rootJakartaEE\tools\wildfly-27.0.0.Final/welcome-content' with options [directory-listing: 'false', follow-symlink: 'false', case-sensitive: 'true', safe-symlink-paths: '[]']
2024-06-06 13:17:56,144 INFO  [org.jboss.as.naming] (MSC service thread 1-5) WFLYNAM0003: Starting Naming Service
2024-06-06 13:17:56,195 INFO  [org.jboss.as.mail.extension] (MSC service thread 1-7) WFLYMAIL0001: Bound mail session [java:jboss/mail/Default]
2024-06-06 13:17:57,029 INFO  [org.wildfly.extension.io] (ServerService Thread Pool -- 57) WFLYIO001: Worker 'default' has auto-configured to 16 IO threads with 128 max task threads based on your 8 available processors
2024-06-06 13:17:57,036 INFO  [org.jboss.as.ejb3] (MSC service thread 1-5) WFLYEJB0482: Strict pool mdb-strict-max-pool is using a max instance size of 32 (per class), which is derived from the number of CPUs on this host.
2024-06-06 13:17:57,035 INFO  [org.jboss.as.ejb3] (MSC service thread 1-2) WFLYEJB0481: Strict pool slsb-strict-max-pool is using a max instance size of 128 (per class), which is derived from thread worker pool sizing.
2024-06-06 13:17:57,107 INFO  [org.wildfly.extension.undertow] (MSC service thread 1-5) WFLYUT0012: Started server default-server.
2024-06-06 13:17:57,116 INFO  [org.jboss.remoting] (MSC service thread 1-8) JBoss Remoting version 5.0.26.Final
2024-06-06 13:17:57,122 INFO  [org.wildfly.extension.undertow] (MSC service thread 1-6) Queuing requests.
2024-06-06 13:17:57,123 INFO  [org.wildfly.extension.undertow] (MSC service thread 1-6) WFLYUT0018: Host default-host starting
2024-06-06 13:17:57,218 INFO  [org.wildfly.extension.undertow] (MSC service thread 1-2) WFLYUT0006: Undertow HTTPS listener https listening on 127.0.0.1:8443
2024-06-06 13:17:57,236 INFO  [org.wildfly.extension.undertow] (MSC service thread 1-4) WFLYUT0006: Undertow HTTP listener default listening on 127.0.0.1:8080
2024-06-06 13:17:57,391 INFO  [org.jboss.as.server.deployment] (MSC service thread 1-2) WFLYSRV0027: Starting deployment of "TP02-WEB-JSP-SERVLET-E-0.0.1-SNAPSHOT.war" (runtime-name: "TP02-WEB-JSP-SERVLET-E-0.0.1-SNAPSHOT.war")
2024-06-06 13:17:57,391 INFO  [org.jboss.as.server.deployment] (MSC service thread 1-3) WFLYSRV0027: Starting deployment of "TP12-WEB-EJB-PC-EPC-E-0.0.1-SNAPSHOT.war" (runtime-name: "TP12-WEB-EJB-PC-EPC-E-0.0.1-SNAPSHOT.war")
2024-06-06 13:17:57,425 INFO  [org.jboss.as.ejb3] (MSC service thread 1-6) WFLYEJB0493: Jakarta Enterprise Beans subsystem suspension complete
2024-06-06 13:17:57,448 INFO  [org.jboss.as.patching] (MSC service thread 1-7) WFLYPAT0050: WildFly Full cumulative patch ID is: base, one-off patches include: none
2024-06-06 13:17:57,589 INFO  [org.jboss.as.server.deployment.scanner] (MSC service thread 1-5) WFLYDS0013: Started FileSystemDeploymentService for directory C:\Users\aless\OneDrive\Bureau\Jakarta\rootJakartaEE\tools\wildfly-27.0.0.Final\standalone\deployments
2024-06-06 13:17:57,708 INFO  [org.jboss.as.connector.subsystems.datasources] (MSC service thread 1-6) WFLYJCA0001: Bound data source [java:/labsDS]
2024-06-06 13:17:57,748 INFO  [org.jboss.ws.common.management] (MSC service thread 1-2) JBWS022052: Starting JBossWS 6.1.0.Final (Apache CXF 3.5.2.jbossorg-3) 
2024-06-06 13:17:57,795 INFO  [org.jboss.as.connector.subsystems.datasources] (MSC service thread 1-8) WFLYJCA0001: Bound data source [java:jboss/datasources/ExampleDS]
2024-06-06 13:18:00,100 INFO  [org.wildfly.extension.undertow] (ServerService Thread Pool -- 82) WFLYUT0021: Registered web context: '/TP02-WEB-JSP-SERVLET-E-0.0.1-SNAPSHOT' for server 'default-server'
2024-06-06 13:18:01,992 INFO  [org.jboss.as.jpa] (MSC service thread 1-7) WFLYJPA0002: Read persistence.xml for bankPU
2024-06-06 13:18:01,992 INFO  [org.jboss.as.jpa] (MSC service thread 1-7) WFLYJPA0002: Read persistence.xml for bankPU_unitTest
2024-06-06 13:18:02,198 INFO  [org.jipijapa] (MSC service thread 1-6) JIPIORMV6020260: Second level cache enabled for TP12-WEB-EJB-PC-EPC-E-0.0.1-SNAPSHOT.war#bankPU
2024-06-06 13:18:02,201 INFO  [org.jipijapa] (MSC service thread 1-6) JIPIORMV6020260: Second level cache enabled for TP12-WEB-EJB-PC-EPC-E-0.0.1-SNAPSHOT.war#bankPU_unitTest
2024-06-06 13:18:02,539 INFO  [org.jboss.weld.deployer] (MSC service thread 1-8) WFLYWELD0003: Processing weld deployment TP12-WEB-EJB-PC-EPC-E-0.0.1-SNAPSHOT.war
2024-06-06 13:18:02,781 INFO  [org.hibernate.validator.internal.util.Version] (MSC service thread 1-8) HV000001: Hibernate Validator 8.0.0.Final
2024-06-06 13:18:03,078 INFO  [org.jboss.as.ejb3.deployment] (MSC service thread 1-8) WFLYEJB0473: JNDI bindings for session bean named 'BankBean' in deployment unit 'deployment "TP12-WEB-EJB-PC-EPC-E-0.0.1-SNAPSHOT.war"' are as follows:

	java:global/TP12-WEB-EJB-PC-EPC-E-0.0.1-SNAPSHOT/BankBean!ch.hevs.bankservice.Bank
	java:app/TP12-WEB-EJB-PC-EPC-E-0.0.1-SNAPSHOT/BankBean!ch.hevs.bankservice.Bank
	java:module/BankBean!ch.hevs.bankservice.Bank
	java:global/TP12-WEB-EJB-PC-EPC-E-0.0.1-SNAPSHOT/BankBean
	java:app/TP12-WEB-EJB-PC-EPC-E-0.0.1-SNAPSHOT/BankBean
	java:module/BankBean

2024-06-06 13:18:03,274 WARN  [org.wildfly.extension.microprofile.opentracing] (MSC service thread 1-8) WFLYTRACEXT0012: No Jaeger endpoint or sender-binding configured. Installing a no-op sender
2024-06-06 13:18:03,291 INFO  [io.jaegertracing.internal.JaegerTracer] (MSC service thread 1-8) No shutdown hook registered: Please call close() manually on application shutdown.
2024-06-06 13:18:03,297 INFO  [org.wildfly.microprofile.opentracing.smallrye] (MSC service thread 1-8) WFLYTRAC0001: Tracer initialized: JaegerTracer(version=Java-1.6.0, serviceName=TP12-WEB-EJB-PC-EPC-E-0.0.1-SNAPSHOT.war, reporter=RemoteReporter(sender=NoopSender(), closeEnqueueTimeout=1000), sampler=ConstSampler(decision=true, tags={sampler.type=const, sampler.param=true}), tags={hostname=LAPTOP-UVEFCP95, jaeger.version=Java-1.6.0, ip=153.109.68.33}, zipkinSharedRpcSpan=false, expandExceptionLogs=false, useTraceId128Bit=false)
2024-06-06 13:18:03,328 INFO  [org.infinispan.CONTAINER] (ServerService Thread Pool -- 82) ISPN000556: Starting user marshaller 'org.wildfly.clustering.infinispan.marshalling.jboss.JBossMarshaller'
2024-06-06 13:18:03,551 INFO  [org.jipijapa] (MSC service thread 1-6) JIPIORMV6020260: Second level cache enabled for TP12-WEB-EJB-PC-EPC-E-0.0.1-SNAPSHOT.war#bankPU
2024-06-06 13:18:03,581 INFO  [org.jipijapa] (MSC service thread 1-6) JIPIORMV6020260: Second level cache enabled for TP12-WEB-EJB-PC-EPC-E-0.0.1-SNAPSHOT.war#bankPU_unitTest
2024-06-06 13:18:03,684 INFO  [org.jboss.weld.Version] (MSC service thread 1-6) WELD-000900: 5.1.0 (Final)
2024-06-06 13:18:04,306 INFO  [org.jboss.as.jpa] (ServerService Thread Pool -- 82) WFLYJPA0010: Starting Persistence Unit (phase 1 of 2) Service 'TP12-WEB-EJB-PC-EPC-E-0.0.1-SNAPSHOT.war#bankPU'
2024-06-06 13:18:04,306 INFO  [org.jboss.as.jpa] (ServerService Thread Pool -- 80) WFLYJPA0010: Starting Persistence Unit (phase 1 of 2) Service 'TP12-WEB-EJB-PC-EPC-E-0.0.1-SNAPSHOT.war#bankPU_unitTest'
2024-06-06 13:18:04,342 INFO  [org.hibernate.jpa.internal.util.LogHelper] (ServerService Thread Pool -- 80) HHH000204: Processing PersistenceUnitInfo [name: bankPU_unitTest]
2024-06-06 13:18:04,342 INFO  [org.hibernate.jpa.internal.util.LogHelper] (ServerService Thread Pool -- 82) HHH000204: Processing PersistenceUnitInfo [name: bankPU]
2024-06-06 13:18:04,457 INFO  [org.hibernate.Version] (ServerService Thread Pool -- 80) HHH000412: Hibernate ORM core version 6.1.5.Final
2024-06-06 13:18:04,686 WARN  [org.hibernate.orm.deprecation] (ServerService Thread Pool -- 80) HHH90000021: Encountered deprecated setting [javax.persistence.sharedCache.mode], use [jakarta.persistence.sharedCache.mode] instead
2024-06-06 13:18:04,686 WARN  [org.hibernate.orm.deprecation] (ServerService Thread Pool -- 82) HHH90000021: Encountered deprecated setting [javax.persistence.sharedCache.mode], use [jakarta.persistence.sharedCache.mode] instead
2024-06-06 13:18:04,853 INFO  [org.jboss.as.jpa] (ServerService Thread Pool -- 82) WFLYJPA0010: Starting Persistence Unit (phase 2 of 2) Service 'TP12-WEB-EJB-PC-EPC-E-0.0.1-SNAPSHOT.war#bankPU'
2024-06-06 13:18:04,886 INFO  [org.jboss.as.jpa] (ServerService Thread Pool -- 80) WFLYJPA0010: Starting Persistence Unit (phase 2 of 2) Service 'TP12-WEB-EJB-PC-EPC-E-0.0.1-SNAPSHOT.war#bankPU_unitTest'
2024-06-06 13:18:05,221 INFO  [SQL dialect] (ServerService Thread Pool -- 82) HHH000400: Using dialect: org.hibernate.dialect.HSQLDialect
2024-06-06 13:18:05,281 INFO  [org.hibernate.envers.boot.internal.EnversServiceImpl] (ServerService Thread Pool -- 82) Envers integration enabled? : true
2024-06-06 13:18:05,363 INFO  [SQL dialect] (ServerService Thread Pool -- 80) HHH000400: Using dialect: org.hibernate.dialect.HSQLDialect
2024-06-06 13:18:05,382 INFO  [org.hibernate.envers.boot.internal.EnversServiceImpl] (ServerService Thread Pool -- 80) Envers integration enabled? : true
2024-06-06 13:18:05,641 INFO  [org.hibernate.id.enhanced.TableGenerator] (ServerService Thread Pool -- 80) HHH000398: Explicit segment value for id generator [hibernate_sequences.sequence_name] suggested; using default [default]
2024-06-06 13:18:05,641 INFO  [org.hibernate.id.enhanced.TableGenerator] (ServerService Thread Pool -- 82) HHH000398: Explicit segment value for id generator [hibernate_sequences.sequence_name] suggested; using default [default]
2024-06-06 13:18:05,649 INFO  [org.hibernate.id.enhanced.TableGenerator] (ServerService Thread Pool -- 80) HHH000398: Explicit segment value for id generator [hibernate_sequences.sequence_name] suggested; using default [default]
2024-06-06 13:18:05,649 INFO  [org.hibernate.id.enhanced.TableGenerator] (ServerService Thread Pool -- 82) HHH000398: Explicit segment value for id generator [hibernate_sequences.sequence_name] suggested; using default [default]
2024-06-06 13:18:06,398 INFO  [org.jboss.as.clustering.infinispan] (ServerService Thread Pool -- 82) WFLYCLINF0002: Started TP12-WEB-EJB-PC-EPC-E-0.0.1-SNAPSHOT.war#bankPU.default-update-timestamps-region cache from hibernate container
2024-06-06 13:18:06,448 INFO  [org.jboss.as.clustering.infinispan] (ServerService Thread Pool -- 82) WFLYCLINF0002: Started TP12-WEB-EJB-PC-EPC-E-0.0.1-SNAPSHOT.war#bankPU.default-query-results-region cache from hibernate container
2024-06-06 13:18:07,301 WARN  [org.hibernate.tool.schema.internal.ExceptionHandlerLoggedImpl] (ServerService Thread Pool -- 80) GenerationTarget encountered exception accepting command : Error executing DDL "insert into hibernate_sequences(sequence_name, next_val) values ('default',0)" via JDBC Statement: org.hibernate.tool.schema.spi.CommandAcceptanceException: Error executing DDL "insert into hibernate_sequences(sequence_name, next_val) values ('default',0)" via JDBC Statement
	at org.hibernate@6.1.5.Final//org.hibernate.tool.schema.internal.exec.GenerationTargetToDatabase.accept(GenerationTargetToDatabase.java:67)
	at org.hibernate@6.1.5.Final//org.hibernate.tool.schema.internal.SchemaCreatorImpl.applySqlString(SchemaCreatorImpl.java:502)
	at org.hibernate@6.1.5.Final//org.hibernate.tool.schema.internal.SchemaCreatorImpl.applySqlStrings(SchemaCreatorImpl.java:486)
	at org.hibernate@6.1.5.Final//org.hibernate.tool.schema.internal.SchemaCreatorImpl.createFromMetadata(SchemaCreatorImpl.java:363)
	at org.hibernate@6.1.5.Final//org.hibernate.tool.schema.internal.SchemaCreatorImpl.performCreation(SchemaCreatorImpl.java:176)
	at org.hibernate@6.1.5.Final//org.hibernate.tool.schema.internal.SchemaCreatorImpl.doCreation(SchemaCreatorImpl.java:144)
	at org.hibernate@6.1.5.Final//org.hibernate.tool.schema.internal.SchemaCreatorImpl.doCreation(SchemaCreatorImpl.java:128)
	at org.hibernate@6.1.5.Final//org.hibernate.tool.schema.spi.SchemaManagementToolCoordinator.performDatabaseAction(SchemaManagementToolCoordinator.java:254)
	at org.hibernate@6.1.5.Final//org.hibernate.tool.schema.spi.SchemaManagementToolCoordinator.lambda$process$5(SchemaManagementToolCoordinator.java:143)
	at java.base/java.util.HashMap.forEach(HashMap.java:1336)
	at org.hibernate@6.1.5.Final//org.hibernate.tool.schema.spi.SchemaManagementToolCoordinator.process(SchemaManagementToolCoordinator.java:140)
	at org.hibernate@6.1.5.Final//org.hibernate.internal.SessionFactoryImpl.<init>(SessionFactoryImpl.java:334)
	at org.hibernate@6.1.5.Final//org.hibernate.boot.internal.SessionFactoryBuilderImpl.build(SessionFactoryBuilderImpl.java:415)
	at org.hibernate@6.1.5.Final//org.hibernate.jpa.boot.internal.EntityManagerFactoryBuilderImpl.build(EntityManagerFactoryBuilderImpl.java:1425)
	at org.hibernate.jipijapa-hibernate6@27.0.0.Final//org.jboss.as.jpa.hibernate.TwoPhaseBootstrapImpl.build(TwoPhaseBootstrapImpl.java:45)
	at org.jboss.as.jpa@27.0.0.Final//org.jboss.as.jpa.service.PersistenceUnitServiceImpl$1$1.run(PersistenceUnitServiceImpl.java:171)
	at org.jboss.as.jpa@27.0.0.Final//org.jboss.as.jpa.service.PersistenceUnitServiceImpl$1$1.run(PersistenceUnitServiceImpl.java:129)
	at java.base/java.security.AccessController.doPrivileged(Native Method)
	at org.wildfly.security.elytron-base@2.0.0.Final//org.wildfly.security.manager.WildFlySecurityManager.doChecked(WildFlySecurityManager.java:664)
	at org.jboss.as.jpa@27.0.0.Final//org.jboss.as.jpa.service.PersistenceUnitServiceImpl$1.run(PersistenceUnitServiceImpl.java:214)
	at org.jboss.threads@2.4.0.Final//org.jboss.threads.ContextClassLoaderSavingRunnable.run(ContextClassLoaderSavingRunnable.java:35)
	at org.jboss.threads@2.4.0.Final//org.jboss.threads.EnhancedQueueExecutor.safeRun(EnhancedQueueExecutor.java:1990)
	at org.jboss.threads@2.4.0.Final//org.jboss.threads.EnhancedQueueExecutor$ThreadBody.doRunTask(EnhancedQueueExecutor.java:1486)
	at org.jboss.threads@2.4.0.Final//org.jboss.threads.EnhancedQueueExecutor$ThreadBody.run(EnhancedQueueExecutor.java:1377)
	at java.base/java.lang.Thread.run(Thread.java:834)
	at org.jboss.threads@2.4.0.Final//org.jboss.threads.JBossThread.run(JBossThread.java:513)
Caused by: org.h2.jdbc.JdbcSQLIntegrityConstraintViolationException: Violation d'index unique ou clé primaire: "PUBLIC.PRIMARY_KEY_5 ON PUBLIC.HIBERNATE_SEQUENCES(SEQUENCE_NAME) VALUES ( /* 1 */ 'default' )"
Unique index or primary key violation: "PUBLIC.PRIMARY_KEY_5 ON PUBLIC.HIBERNATE_SEQUENCES(SEQUENCE_NAME) VALUES ( /* 1 */ 'default' )"; SQL statement:
insert into hibernate_sequences(sequence_name, next_val) values ('default',0) [23505-210]
	at com.h2database.h2@2.1.210//org.h2.message.DbException.getJdbcSQLException(DbException.java:527)
	at com.h2database.h2@2.1.210//org.h2.message.DbException.getJdbcSQLException(DbException.java:496)
	at com.h2database.h2@2.1.210//org.h2.message.DbException.get(DbException.java:227)
	at com.h2database.h2@2.1.210//org.h2.message.DbException.get(DbException.java:203)
	at com.h2database.h2@2.1.210//org.h2.index.Index.getDuplicateKeyException(Index.java:525)
	at com.h2database.h2@2.1.210//org.h2.mvstore.db.MVSecondaryIndex.checkUnique(MVSecondaryIndex.java:223)
	at com.h2database.h2@2.1.210//org.h2.mvstore.db.MVSecondaryIndex.add(MVSecondaryIndex.java:184)
	at com.h2database.h2@2.1.210//org.h2.mvstore.db.MVTable.addRow(MVTable.java:519)
	at com.h2database.h2@2.1.210//org.h2.command.dml.Insert.insertRows(Insert.java:174)
	at com.h2database.h2@2.1.210//org.h2.command.dml.Insert.update(Insert.java:135)
	at com.h2database.h2@2.1.210//org.h2.command.dml.DataChangeStatement.update(DataChangeStatement.java:61)
	at com.h2database.h2@2.1.210//org.h2.command.CommandContainer.update(CommandContainer.java:174)
	at com.h2database.h2@2.1.210//org.h2.command.Command.executeUpdate(Command.java:252)
	at com.h2database.h2@2.1.210//org.h2.jdbc.JdbcStatement.executeInternal(JdbcStatement.java:252)
	at com.h2database.h2@2.1.210//org.h2.jdbc.JdbcStatement.execute(JdbcStatement.java:223)
	at org.jboss.ironjacamar.jdbcadapters@1.5.9.Final//org.jboss.jca.adapters.jdbc.WrappedStatement.execute(WrappedStatement.java:198)
	at org.hibernate@6.1.5.Final//org.hibernate.tool.schema.internal.exec.GenerationTargetToDatabase.accept(GenerationTargetToDatabase.java:54)
	... 25 more

2024-06-06 13:18:08,024 WARN  [org.jboss.weld.Validator] (MSC service thread 1-8) WELD-001471: Interceptor method initialize defined on class ch.hevs.managedbeans.TransferBean is not defined according to the specification. It should not throw javax.naming.NamingException, which is a checked exception.
	at ch.hevs.managedbeans.TransferBean.initialize(TransferBean.java:0)
  StackTrace
2024-06-06 13:18:08,091 WARN  [org.jboss.weld.Validator] (MSC service thread 1-6) WELD-001471: Interceptor method initialize defined on class ch.hevs.managedbeans.TransferBean is not defined according to the specification. It should not throw javax.naming.NamingException, which is a checked exception.
	at ch.hevs.managedbeans.TransferBean.initialize(TransferBean.java:0)
  StackTrace
2024-06-06 13:18:08,313 INFO  [jakarta.enterprise.resource.webcontainer.faces.config] (ServerService Thread Pool -- 80) Initialisation de Mojarra 4.0.0.SP01 pour le contexte «/TP12-WEB-EJB-PC-EPC-E-0.0.1-SNAPSHOT»
2024-06-06 13:18:09,191 INFO  [org.wildfly.extension.undertow] (ServerService Thread Pool -- 80) WFLYUT0021: Registered web context: '/TP12-WEB-EJB-PC-EPC-E-0.0.1-SNAPSHOT' for server 'default-server'
2024-06-06 13:18:09,311 INFO  [org.jboss.as.server] (Controller Boot Thread) WFLYSRV0010: Deployed "TP12-WEB-EJB-PC-EPC-E-0.0.1-SNAPSHOT.war" (runtime-name : "TP12-WEB-EJB-PC-EPC-E-0.0.1-SNAPSHOT.war")
2024-06-06 13:18:09,312 INFO  [org.jboss.as.server] (Controller Boot Thread) WFLYSRV0010: Deployed "TP02-WEB-JSP-SERVLET-E-0.0.1-SNAPSHOT.war" (runtime-name : "TP02-WEB-JSP-SERVLET-E-0.0.1-SNAPSHOT.war")
2024-06-06 13:18:09,396 INFO  [org.jboss.as.server] (Controller Boot Thread) WFLYSRV0212: Resuming server
2024-06-06 13:18:09,401 INFO  [org.jboss.as] (Controller Boot Thread) WFLYSRV0025: WildFly Full 27.0.0.Final (WildFly Core 19.0.0.Final) started in 18090ms - Started 553 of 770 services (366 services are lazy, passive or on-demand) - Server configuration file in use: standalone.xml
2024-06-06 13:18:09,409 INFO  [org.jboss.as] (Controller Boot Thread) WFLYSRV0060: Http management interface listening on http://127.0.0.1:9990/management
2024-06-06 13:18:09,409 INFO  [org.jboss.as] (Controller Boot Thread) WFLYSRV0051: Admin console listening on http://127.0.0.1:9990
2024-06-06 13:18:35,976 INFO  [org.jboss.as.repository] (management-handler-thread - 1) WFLYDR0001: Content added at location C:\Users\aless\OneDrive\Bureau\Jakarta\rootJakartaEE\tools\wildfly-27.0.0.Final\standalone\data\content\74\f894e9f74c26d79b0011db12b110d52e7f0f5a\content
2024-06-06 13:18:36,000 INFO  [org.wildfly.extension.undertow] (ServerService Thread Pool -- 85) WFLYUT0022: Unregistered web context: '/TP12-WEB-EJB-PC-EPC-E-0.0.1-SNAPSHOT' from server 'default-server'
2024-06-06 13:18:36,053 INFO  [org.jboss.as.jpa] (ServerService Thread Pool -- 80) WFLYJPA0011: Stopping Persistence Unit (phase 2 of 2) Service 'TP12-WEB-EJB-PC-EPC-E-0.0.1-SNAPSHOT.war#bankPU'
2024-06-06 13:18:36,054 INFO  [org.jboss.as.jpa] (ServerService Thread Pool -- 85) WFLYJPA0011: Stopping Persistence Unit (phase 2 of 2) Service 'TP12-WEB-EJB-PC-EPC-E-0.0.1-SNAPSHOT.war#bankPU_unitTest'
2024-06-06 13:18:36,061 INFO  [org.hibernate.orm.beans] (ServerService Thread Pool -- 85) HHH10005004: Stopping BeanContainer : org.hibernate.resource.beans.container.internal.CdiBeanContainerExtendedAccessImpl@2a4c2b89
2024-06-06 13:18:36,067 INFO  [org.jboss.as.clustering.infinispan] (ServerService Thread Pool -- 80) WFLYCLINF0003: Stopped TP12-WEB-EJB-PC-EPC-E-0.0.1-SNAPSHOT.war#bankPU.default-query-results-region cache from hibernate container
2024-06-06 13:18:36,068 INFO  [org.jboss.as.jpa] (ServerService Thread Pool -- 85) WFLYJPA0011: Stopping Persistence Unit (phase 1 of 2) Service 'TP12-WEB-EJB-PC-EPC-E-0.0.1-SNAPSHOT.war#bankPU_unitTest'
2024-06-06 13:18:36,068 INFO  [org.hibernate.orm.beans] (ServerService Thread Pool -- 80) HHH10005004: Stopping BeanContainer : org.hibernate.resource.beans.container.internal.CdiBeanContainerExtendedAccessImpl@7a6cc117
2024-06-06 13:18:36,072 INFO  [org.jboss.as.clustering.infinispan] (ServerService Thread Pool -- 80) WFLYCLINF0003: Stopped TP12-WEB-EJB-PC-EPC-E-0.0.1-SNAPSHOT.war#bankPU.default-update-timestamps-region cache from hibernate container
2024-06-06 13:18:36,075 INFO  [org.jboss.as.jpa] (ServerService Thread Pool -- 80) WFLYJPA0011: Stopping Persistence Unit (phase 1 of 2) Service 'TP12-WEB-EJB-PC-EPC-E-0.0.1-SNAPSHOT.war#bankPU'
2024-06-06 13:18:36,231 INFO  [org.jboss.as.server.deployment] (MSC service thread 1-3) WFLYSRV0028: Stopped deployment TP12-WEB-EJB-PC-EPC-E-0.0.1-SNAPSHOT.war (runtime-name: TP12-WEB-EJB-PC-EPC-E-0.0.1-SNAPSHOT.war) in 246ms
2024-06-06 13:18:36,238 INFO  [org.jboss.as.server.deployment] (MSC service thread 1-1) WFLYSRV0027: Starting deployment of "TP12-WEB-EJB-PC-EPC-E-0.0.1-SNAPSHOT.war" (runtime-name: "TP12-WEB-EJB-PC-EPC-E-0.0.1-SNAPSHOT.war")
2024-06-06 13:18:39,872 INFO  [org.jboss.as.jpa] (MSC service thread 1-1) WFLYJPA0002: Read persistence.xml for bankPU
2024-06-06 13:18:39,872 INFO  [org.jboss.as.jpa] (MSC service thread 1-1) WFLYJPA0002: Read persistence.xml for bankPU_unitTest
2024-06-06 13:18:40,022 INFO  [org.jipijapa] (MSC service thread 1-3) JIPIORMV6020260: Second level cache enabled for TP12-WEB-EJB-PC-EPC-E-0.0.1-SNAPSHOT.war#bankPU
2024-06-06 13:18:40,023 INFO  [org.jipijapa] (MSC service thread 1-3) JIPIORMV6020260: Second level cache enabled for TP12-WEB-EJB-PC-EPC-E-0.0.1-SNAPSHOT.war#bankPU_unitTest
2024-06-06 13:18:40,049 INFO  [org.infinispan.CONTAINER] (ServerService Thread Pool -- 80) ISPN000556: Starting user marshaller 'org.wildfly.clustering.infinispan.marshalling.jboss.JBossMarshaller'
2024-06-06 13:18:40,059 INFO  [org.jboss.weld.deployer] (MSC service thread 1-1) WFLYWELD0003: Processing weld deployment TP12-WEB-EJB-PC-EPC-E-0.0.1-SNAPSHOT.war
2024-06-06 13:18:40,097 INFO  [org.jboss.as.jpa] (ServerService Thread Pool -- 80) WFLYJPA0010: Starting Persistence Unit (phase 1 of 2) Service 'TP12-WEB-EJB-PC-EPC-E-0.0.1-SNAPSHOT.war#bankPU'
2024-06-06 13:18:40,098 INFO  [org.hibernate.jpa.internal.util.LogHelper] (ServerService Thread Pool -- 80) HHH000204: Processing PersistenceUnitInfo [name: bankPU]
2024-06-06 13:18:40,103 INFO  [org.jboss.as.jpa] (ServerService Thread Pool -- 85) WFLYJPA0010: Starting Persistence Unit (phase 1 of 2) Service 'TP12-WEB-EJB-PC-EPC-E-0.0.1-SNAPSHOT.war#bankPU_unitTest'
2024-06-06 13:18:40,105 INFO  [org.hibernate.jpa.internal.util.LogHelper] (ServerService Thread Pool -- 85) HHH000204: Processing PersistenceUnitInfo [name: bankPU_unitTest]
2024-06-06 13:18:40,125 WARN  [org.hibernate.orm.deprecation] (ServerService Thread Pool -- 85) HHH90000021: Encountered deprecated setting [javax.persistence.sharedCache.mode], use [jakarta.persistence.sharedCache.mode] instead
2024-06-06 13:18:40,135 WARN  [org.hibernate.orm.deprecation] (ServerService Thread Pool -- 80) HHH90000021: Encountered deprecated setting [javax.persistence.sharedCache.mode], use [jakarta.persistence.sharedCache.mode] instead
2024-06-06 13:18:40,161 INFO  [org.jboss.as.ejb3.deployment] (MSC service thread 1-1) WFLYEJB0473: JNDI bindings for session bean named 'BankBean' in deployment unit 'deployment "TP12-WEB-EJB-PC-EPC-E-0.0.1-SNAPSHOT.war"' are as follows:

	java:global/TP12-WEB-EJB-PC-EPC-E-0.0.1-SNAPSHOT/BankBean!ch.hevs.bankservice.Bank
	java:app/TP12-WEB-EJB-PC-EPC-E-0.0.1-SNAPSHOT/BankBean!ch.hevs.bankservice.Bank
	java:module/BankBean!ch.hevs.bankservice.Bank
	java:global/TP12-WEB-EJB-PC-EPC-E-0.0.1-SNAPSHOT/BankBean
	java:app/TP12-WEB-EJB-PC-EPC-E-0.0.1-SNAPSHOT/BankBean
	java:module/BankBean

2024-06-06 13:18:40,277 WARN  [org.wildfly.extension.microprofile.opentracing] (MSC service thread 1-1) WFLYTRACEXT0012: No Jaeger endpoint or sender-binding configured. Installing a no-op sender
2024-06-06 13:18:40,280 INFO  [io.jaegertracing.internal.JaegerTracer] (MSC service thread 1-1) No shutdown hook registered: Please call close() manually on application shutdown.
2024-06-06 13:18:40,282 INFO  [org.wildfly.microprofile.opentracing.smallrye] (MSC service thread 1-1) WFLYTRAC0001: Tracer initialized: JaegerTracer(version=Java-1.6.0, serviceName=TP12-WEB-EJB-PC-EPC-E-0.0.1-SNAPSHOT.war, reporter=RemoteReporter(sender=NoopSender(), closeEnqueueTimeout=1000), sampler=ConstSampler(decision=true, tags={sampler.type=const, sampler.param=true}), tags={hostname=LAPTOP-UVEFCP95, jaeger.version=Java-1.6.0, ip=153.109.68.33}, zipkinSharedRpcSpan=false, expandExceptionLogs=false, useTraceId128Bit=false)
2024-06-06 13:18:40,347 INFO  [org.jipijapa] (MSC service thread 1-4) JIPIORMV6020260: Second level cache enabled for TP12-WEB-EJB-PC-EPC-E-0.0.1-SNAPSHOT.war#bankPU
2024-06-06 13:18:40,348 INFO  [org.jipijapa] (MSC service thread 1-4) JIPIORMV6020260: Second level cache enabled for TP12-WEB-EJB-PC-EPC-E-0.0.1-SNAPSHOT.war#bankPU_unitTest
2024-06-06 13:18:40,470 INFO  [org.jboss.as.jpa] (ServerService Thread Pool -- 85) WFLYJPA0010: Starting Persistence Unit (phase 2 of 2) Service 'TP12-WEB-EJB-PC-EPC-E-0.0.1-SNAPSHOT.war#bankPU_unitTest'
2024-06-06 13:18:40,474 INFO  [org.jboss.as.jpa] (ServerService Thread Pool -- 80) WFLYJPA0010: Starting Persistence Unit (phase 2 of 2) Service 'TP12-WEB-EJB-PC-EPC-E-0.0.1-SNAPSHOT.war#bankPU'
2024-06-06 13:18:40,488 INFO  [SQL dialect] (ServerService Thread Pool -- 85) HHH000400: Using dialect: org.hibernate.dialect.HSQLDialect
2024-06-06 13:18:40,490 INFO  [SQL dialect] (ServerService Thread Pool -- 80) HHH000400: Using dialect: org.hibernate.dialect.HSQLDialect
2024-06-06 13:18:40,497 INFO  [org.hibernate.envers.boot.internal.EnversServiceImpl] (ServerService Thread Pool -- 80) Envers integration enabled? : true
2024-06-06 13:18:40,499 INFO  [org.hibernate.envers.boot.internal.EnversServiceImpl] (ServerService Thread Pool -- 85) Envers integration enabled? : true
2024-06-06 13:18:40,523 INFO  [org.hibernate.id.enhanced.TableGenerator] (ServerService Thread Pool -- 80) HHH000398: Explicit segment value for id generator [hibernate_sequences.sequence_name] suggested; using default [default]
2024-06-06 13:18:40,524 INFO  [org.hibernate.id.enhanced.TableGenerator] (ServerService Thread Pool -- 80) HHH000398: Explicit segment value for id generator [hibernate_sequences.sequence_name] suggested; using default [default]
2024-06-06 13:18:40,583 INFO  [org.jboss.as.clustering.infinispan] (ServerService Thread Pool -- 80) WFLYCLINF0002: Started TP12-WEB-EJB-PC-EPC-E-0.0.1-SNAPSHOT.war#bankPU.default-update-timestamps-region cache from hibernate container
2024-06-06 13:18:40,591 INFO  [org.jboss.as.clustering.infinispan] (ServerService Thread Pool -- 80) WFLYCLINF0002: Started TP12-WEB-EJB-PC-EPC-E-0.0.1-SNAPSHOT.war#bankPU.default-query-results-region cache from hibernate container
2024-06-06 13:18:40,637 INFO  [org.hibernate.id.enhanced.TableGenerator] (ServerService Thread Pool -- 85) HHH000398: Explicit segment value for id generator [hibernate_sequences.sequence_name] suggested; using default [default]
2024-06-06 13:18:40,638 INFO  [org.hibernate.id.enhanced.TableGenerator] (ServerService Thread Pool -- 85) HHH000398: Explicit segment value for id generator [hibernate_sequences.sequence_name] suggested; using default [default]
2024-06-06 13:18:40,822 WARN  [org.hibernate.tool.schema.internal.ExceptionHandlerLoggedImpl] (ServerService Thread Pool -- 85) GenerationTarget encountered exception accepting command : Error executing DDL "insert into hibernate_sequences(sequence_name, next_val) values ('default',0)" via JDBC Statement: org.hibernate.tool.schema.spi.CommandAcceptanceException: Error executing DDL "insert into hibernate_sequences(sequence_name, next_val) values ('default',0)" via JDBC Statement
	at org.hibernate@6.1.5.Final//org.hibernate.tool.schema.internal.exec.GenerationTargetToDatabase.accept(GenerationTargetToDatabase.java:67)
	at org.hibernate@6.1.5.Final//org.hibernate.tool.schema.internal.SchemaCreatorImpl.applySqlString(SchemaCreatorImpl.java:502)
	at org.hibernate@6.1.5.Final//org.hibernate.tool.schema.internal.SchemaCreatorImpl.applySqlStrings(SchemaCreatorImpl.java:486)
	at org.hibernate@6.1.5.Final//org.hibernate.tool.schema.internal.SchemaCreatorImpl.createFromMetadata(SchemaCreatorImpl.java:363)
	at org.hibernate@6.1.5.Final//org.hibernate.tool.schema.internal.SchemaCreatorImpl.performCreation(SchemaCreatorImpl.java:176)
	at org.hibernate@6.1.5.Final//org.hibernate.tool.schema.internal.SchemaCreatorImpl.doCreation(SchemaCreatorImpl.java:144)
	at org.hibernate@6.1.5.Final//org.hibernate.tool.schema.internal.SchemaCreatorImpl.doCreation(SchemaCreatorImpl.java:128)
	at org.hibernate@6.1.5.Final//org.hibernate.tool.schema.spi.SchemaManagementToolCoordinator.performDatabaseAction(SchemaManagementToolCoordinator.java:254)
	at org.hibernate@6.1.5.Final//org.hibernate.tool.schema.spi.SchemaManagementToolCoordinator.lambda$process$5(SchemaManagementToolCoordinator.java:143)
	at java.base/java.util.HashMap.forEach(HashMap.java:1336)
	at org.hibernate@6.1.5.Final//org.hibernate.tool.schema.spi.SchemaManagementToolCoordinator.process(SchemaManagementToolCoordinator.java:140)
	at org.hibernate@6.1.5.Final//org.hibernate.internal.SessionFactoryImpl.<init>(SessionFactoryImpl.java:334)
	at org.hibernate@6.1.5.Final//org.hibernate.boot.internal.SessionFactoryBuilderImpl.build(SessionFactoryBuilderImpl.java:415)
	at org.hibernate@6.1.5.Final//org.hibernate.jpa.boot.internal.EntityManagerFactoryBuilderImpl.build(EntityManagerFactoryBuilderImpl.java:1425)
	at org.hibernate.jipijapa-hibernate6@27.0.0.Final//org.jboss.as.jpa.hibernate.TwoPhaseBootstrapImpl.build(TwoPhaseBootstrapImpl.java:45)
	at org.jboss.as.jpa@27.0.0.Final//org.jboss.as.jpa.service.PersistenceUnitServiceImpl$1$1.run(PersistenceUnitServiceImpl.java:171)
	at org.jboss.as.jpa@27.0.0.Final//org.jboss.as.jpa.service.PersistenceUnitServiceImpl$1$1.run(PersistenceUnitServiceImpl.java:129)
	at java.base/java.security.AccessController.doPrivileged(Native Method)
	at org.wildfly.security.elytron-base@2.0.0.Final//org.wildfly.security.manager.WildFlySecurityManager.doChecked(WildFlySecurityManager.java:664)
	at org.jboss.as.jpa@27.0.0.Final//org.jboss.as.jpa.service.PersistenceUnitServiceImpl$1.run(PersistenceUnitServiceImpl.java:214)
	at org.jboss.threads@2.4.0.Final//org.jboss.threads.ContextClassLoaderSavingRunnable.run(ContextClassLoaderSavingRunnable.java:35)
	at org.jboss.threads@2.4.0.Final//org.jboss.threads.EnhancedQueueExecutor.safeRun(EnhancedQueueExecutor.java:1990)
	at org.jboss.threads@2.4.0.Final//org.jboss.threads.EnhancedQueueExecutor$ThreadBody.doRunTask(EnhancedQueueExecutor.java:1486)
	at org.jboss.threads@2.4.0.Final//org.jboss.threads.EnhancedQueueExecutor$ThreadBody.run(EnhancedQueueExecutor.java:1377)
	at java.base/java.lang.Thread.run(Thread.java:834)
	at org.jboss.threads@2.4.0.Final//org.jboss.threads.JBossThread.run(JBossThread.java:513)
Caused by: org.h2.jdbc.JdbcSQLIntegrityConstraintViolationException: Violation d'index unique ou clé primaire: "PUBLIC.PRIMARY_KEY_5 ON PUBLIC.HIBERNATE_SEQUENCES(SEQUENCE_NAME) VALUES ( /* 1 */ 'default' )"
Unique index or primary key violation: "PUBLIC.PRIMARY_KEY_5 ON PUBLIC.HIBERNATE_SEQUENCES(SEQUENCE_NAME) VALUES ( /* 1 */ 'default' )"; SQL statement:
insert into hibernate_sequences(sequence_name, next_val) values ('default',0) [23505-210]
	at com.h2database.h2@2.1.210//org.h2.message.DbException.getJdbcSQLException(DbException.java:527)
	at com.h2database.h2@2.1.210//org.h2.message.DbException.getJdbcSQLException(DbException.java:496)
	at com.h2database.h2@2.1.210//org.h2.message.DbException.get(DbException.java:227)
	at com.h2database.h2@2.1.210//org.h2.message.DbException.get(DbException.java:203)
	at com.h2database.h2@2.1.210//org.h2.index.Index.getDuplicateKeyException(Index.java:525)
	at com.h2database.h2@2.1.210//org.h2.mvstore.db.MVSecondaryIndex.checkUnique(MVSecondaryIndex.java:223)
	at com.h2database.h2@2.1.210//org.h2.mvstore.db.MVSecondaryIndex.add(MVSecondaryIndex.java:184)
	at com.h2database.h2@2.1.210//org.h2.mvstore.db.MVTable.addRow(MVTable.java:519)
	at com.h2database.h2@2.1.210//org.h2.command.dml.Insert.insertRows(Insert.java:174)
	at com.h2database.h2@2.1.210//org.h2.command.dml.Insert.update(Insert.java:135)
	at com.h2database.h2@2.1.210//org.h2.command.dml.DataChangeStatement.update(DataChangeStatement.java:61)
	at com.h2database.h2@2.1.210//org.h2.command.CommandContainer.update(CommandContainer.java:174)
	at com.h2database.h2@2.1.210//org.h2.command.Command.executeUpdate(Command.java:252)
	at com.h2database.h2@2.1.210//org.h2.jdbc.JdbcStatement.executeInternal(JdbcStatement.java:252)
	at com.h2database.h2@2.1.210//org.h2.jdbc.JdbcStatement.execute(JdbcStatement.java:223)
	at org.jboss.ironjacamar.jdbcadapters@1.5.9.Final//org.jboss.jca.adapters.jdbc.WrappedStatement.execute(WrappedStatement.java:198)
	at org.hibernate@6.1.5.Final//org.hibernate.tool.schema.internal.exec.GenerationTargetToDatabase.accept(GenerationTargetToDatabase.java:54)
	... 25 more

2024-06-06 13:18:41,232 WARN  [org.jboss.weld.Validator] (MSC service thread 1-4) WELD-001471: Interceptor method initialize defined on class ch.hevs.managedbeans.TransferBean is not defined according to the specification. It should not throw javax.naming.NamingException, which is a checked exception.
	at ch.hevs.managedbeans.TransferBean.initialize(TransferBean.java:0)
  StackTrace
2024-06-06 13:18:41,339 WARN  [org.jboss.weld.Validator] (MSC service thread 1-4) WELD-001471: Interceptor method initialize defined on class ch.hevs.managedbeans.TransferBean is not defined according to the specification. It should not throw javax.naming.NamingException, which is a checked exception.
	at ch.hevs.managedbeans.TransferBean.initialize(TransferBean.java:0)
  StackTrace
2024-06-06 13:18:41,399 INFO  [jakarta.enterprise.resource.webcontainer.faces.config] (ServerService Thread Pool -- 88) Initialisation de Mojarra 4.0.0.SP01 pour le contexte «/TP12-WEB-EJB-PC-EPC-E-0.0.1-SNAPSHOT»
2024-06-06 13:18:41,980 INFO  [org.wildfly.extension.undertow] (ServerService Thread Pool -- 88) WFLYUT0021: Registered web context: '/TP12-WEB-EJB-PC-EPC-E-0.0.1-SNAPSHOT' for server 'default-server'
2024-06-06 13:18:42,071 INFO  [org.jboss.as.server] (management-handler-thread - 1) WFLYSRV0016: Replaced deployment "TP12-WEB-EJB-PC-EPC-E-0.0.1-SNAPSHOT.war" with deployment "TP12-WEB-EJB-PC-EPC-E-0.0.1-SNAPSHOT.war"
2024-06-06 13:18:42,082 INFO  [org.jboss.as.repository] (management-handler-thread - 1) WFLYDR0002: Content removed from location C:\Users\aless\OneDrive\Bureau\Jakarta\rootJakartaEE\tools\wildfly-27.0.0.Final\standalone\data\content\f9\5f43b16541f64e8467ab9815d793b800f76d0d\content
2024-06-06 13:19:07,246 INFO  [stdout] (default task-1) ID source account called from transfer(): 4
2024-06-06 13:19:07,247 INFO  [stdout] (default task-1) ID destination account called from transfer(): 5
2024-06-06 13:27:53,609 INFO  [org.jboss.as.repository] (ServerService Thread Pool -- 84) WFLYDR0009: Content C:\Users\aless\OneDrive\Bureau\Jakarta\rootJakartaEE\tools\wildfly-27.0.0.Final\standalone\data\content\23\750d30f5fff2dfe99048c6acc99e65b6628c59 is obsolete and will be removed
2024-06-06 13:27:53,614 INFO  [org.jboss.as.repository] (ServerService Thread Pool -- 84) WFLYDR0002: Content removed from location C:\Users\aless\OneDrive\Bureau\Jakarta\rootJakartaEE\tools\wildfly-27.0.0.Final\standalone\data\content\23\750d30f5fff2dfe99048c6acc99e65b6628c59\content
2024-06-06 13:27:53,615 INFO  [org.jboss.as.repository] (ServerService Thread Pool -- 84) WFLYDR0009: Content C:\Users\aless\OneDrive\Bureau\Jakarta\rootJakartaEE\tools\wildfly-27.0.0.Final\standalone\data\content\f2\594047feb1201a942fb264b415955732660752 is obsolete and will be removed
2024-06-06 13:27:53,618 INFO  [org.jboss.as.repository] (ServerService Thread Pool -- 84) WFLYDR0002: Content removed from location C:\Users\aless\OneDrive\Bureau\Jakarta\rootJakartaEE\tools\wildfly-27.0.0.Final\standalone\data\content\f2\594047feb1201a942fb264b415955732660752\content
2024-06-06 13:27:53,618 INFO  [org.jboss.as.repository] (ServerService Thread Pool -- 84) WFLYDR0009: Content C:\Users\aless\OneDrive\Bureau\Jakarta\rootJakartaEE\tools\wildfly-27.0.0.Final\standalone\data\content\62\b636d60031da9783f9124d40fe4b5c7601cc37 is obsolete and will be removed
2024-06-06 13:27:53,622 INFO  [org.jboss.as.repository] (ServerService Thread Pool -- 84) WFLYDR0002: Content removed from location C:\Users\aless\OneDrive\Bureau\Jakarta\rootJakartaEE\tools\wildfly-27.0.0.Final\standalone\data\content\62\b636d60031da9783f9124d40fe4b5c7601cc37\content
2024-06-06 13:27:53,623 INFO  [org.jboss.as.repository] (ServerService Thread Pool -- 84) WFLYDR0009: Content C:\Users\aless\OneDrive\Bureau\Jakarta\rootJakartaEE\tools\wildfly-27.0.0.Final\standalone\data\content\d7\8b66a6e1b7887a707ec87b21ddc36634d41741 is obsolete and will be removed
2024-06-06 13:27:53,626 INFO  [org.jboss.as.repository] (ServerService Thread Pool -- 84) WFLYDR0002: Content removed from location C:\Users\aless\OneDrive\Bureau\Jakarta\rootJakartaEE\tools\wildfly-27.0.0.Final\standalone\data\content\d7\8b66a6e1b7887a707ec87b21ddc36634d41741\content
2024-06-06 13:27:53,627 INFO  [org.jboss.as.repository] (ServerService Thread Pool -- 84) WFLYDR0009: Content C:\Users\aless\OneDrive\Bureau\Jakarta\rootJakartaEE\tools\wildfly-27.0.0.Final\standalone\data\content\93\c61a68dedc455c4fd98e7a937ec4aed38081fc is obsolete and will be removed
2024-06-06 13:27:53,630 INFO  [org.jboss.as.repository] (ServerService Thread Pool -- 84) WFLYDR0002: Content removed from location C:\Users\aless\OneDrive\Bureau\Jakarta\rootJakartaEE\tools\wildfly-27.0.0.Final\standalone\data\content\93\c61a68dedc455c4fd98e7a937ec4aed38081fc\content
2024-06-06 13:27:53,630 INFO  [org.jboss.as.repository] (ServerService Thread Pool -- 84) WFLYDR0009: Content C:\Users\aless\OneDrive\Bureau\Jakarta\rootJakartaEE\tools\wildfly-27.0.0.Final\standalone\data\content\2c\91c16f2218886022587136b4265c403ed20550 is obsolete and will be removed
2024-06-06 13:27:53,634 INFO  [org.jboss.as.repository] (ServerService Thread Pool -- 84) WFLYDR0002: Content removed from location C:\Users\aless\OneDrive\Bureau\Jakarta\rootJakartaEE\tools\wildfly-27.0.0.Final\standalone\data\content\2c\91c16f2218886022587136b4265c403ed20550\content
2024-06-06 13:27:53,634 INFO  [org.jboss.as.repository] (ServerService Thread Pool -- 84) WFLYDR0009: Content C:\Users\aless\OneDrive\Bureau\Jakarta\rootJakartaEE\tools\wildfly-27.0.0.Final\standalone\data\content\6d\be6ea5b2a76a2ee22ba888a591fbe64c1f5412 is obsolete and will be removed
2024-06-06 13:27:53,638 INFO  [org.jboss.as.repository] (ServerService Thread Pool -- 84) WFLYDR0002: Content removed from location C:\Users\aless\OneDrive\Bureau\Jakarta\rootJakartaEE\tools\wildfly-27.0.0.Final\standalone\data\content\6d\be6ea5b2a76a2ee22ba888a591fbe64c1f5412\content
